<?xml version="1.0" encoding="UTF-8"?>
<!-- Generated by org.testng.reporters.JUnitXMLReporter -->
<testsuite hostname="UX330UAK" ignored="0" tests="438" failures="0" timestamp="19 Oct 2019 20:09:28 GMT" time="1.191" errors="0">
  <testcase name="testAdd" time="0.014" classname="Test_1_emptyList"/>
  <testcase name="testAddAfter_invalidElement" time="0.011" classname="Test_1_emptyList"/>
  <testcase name="testAddToFront" time="0.0" classname="Test_1_emptyList"/>
  <testcase name="testAddToRear" time="0.001" classname="Test_1_emptyList"/>
  <testcase name="testAdd_invalidIndex" time="0.006" classname="Test_1_emptyList"/>
  <testcase name="testAdd_invalidIndex" time="0.0" classname="Test_1_emptyList"/>
  <testcase name="testAdd_validIndex" time="0.0" classname="Test_1_emptyList"/>
  <testcase name="testContains_invalidElement" time="0.004" classname="Test_1_emptyList"/>
  <testcase name="testFirst" time="0.0" classname="Test_1_emptyList"/>
  <testcase name="testGet" time="0.0" classname="Test_1_emptyList"/>
  <testcase name="testIndexOf_invalidElement" time="0.0" classname="Test_1_emptyList"/>
  <testcase name="testIsEmpty" time="0.001" classname="Test_1_emptyList"/>
  <testcase name="testIterator" time="0.001" classname="Test_1_emptyList"/>
  <testcase name="testLast" time="0.001" classname="Test_1_emptyList"/>
  <testcase name="testListIterator" time="0.003" classname="Test_1_emptyList"/>
  <testcase name="testListIterator_invalidIndex" time="0.001" classname="Test_1_emptyList"/>
  <testcase name="testListIterator_validIndex" time="0.001" classname="Test_1_emptyList"/>
  <testcase name="testRemoveFirst" time="0.0" classname="Test_1_emptyList"/>
  <testcase name="testRemoveLast" time="0.001" classname="Test_1_emptyList"/>
  <testcase name="testRemove_invalidElement" time="0.0" classname="Test_1_emptyList"/>
  <testcase name="testRemove_invalidIndex" time="0.0" classname="Test_1_emptyList"/>
  <testcase name="testSet" time="0.0" classname="Test_1_emptyList"/>
  <testcase name="testSize" time="0.0" classname="Test_1_emptyList"/>
  <testcase name="testToString" time="0.0" classname="Test_1_emptyList"/>
  <testcase name="testAdd" time="0.001" classname="Test_6_A_addToFrontB_BA"/>
  <testcase name="testAddAfter_invalidElement" time="0.0" classname="Test_6_A_addToFrontB_BA"/>
  <testcase name="testAddAfter_validElement" time="0.0" classname="Test_6_A_addToFrontB_BA"/>
  <testcase name="testAddAfter_validElement" time="0.0" classname="Test_6_A_addToFrontB_BA"/>
  <testcase name="testAddToFront" time="0.0" classname="Test_6_A_addToFrontB_BA"/>
  <testcase name="testAddToRear" time="0.005" classname="Test_6_A_addToFrontB_BA"/>
  <testcase name="testAdd_invalidIndex" time="0.002" classname="Test_6_A_addToFrontB_BA"/>
  <testcase name="testAdd_invalidIndex" time="0.0" classname="Test_6_A_addToFrontB_BA"/>
  <testcase name="testAdd_validIndex" time="0.0" classname="Test_6_A_addToFrontB_BA"/>
  <testcase name="testAdd_validIndex" time="0.0" classname="Test_6_A_addToFrontB_BA"/>
  <testcase name="testAdd_validIndex" time="0.0" classname="Test_6_A_addToFrontB_BA"/>
  <testcase name="testContains_invalidElement" time="0.0" classname="Test_6_A_addToFrontB_BA"/>
  <testcase name="testContains_validElement" time="0.001" classname="Test_6_A_addToFrontB_BA"/>
  <testcase name="testContains_validElement" time="0.001" classname="Test_6_A_addToFrontB_BA"/>
  <testcase name="testFirst" time="0.0" classname="Test_6_A_addToFrontB_BA"/>
  <testcase name="testGet_invalidIndex" time="0.005" classname="Test_6_A_addToFrontB_BA"/>
  <testcase name="testGet_invalidIndex" time="0.0" classname="Test_6_A_addToFrontB_BA"/>
  <testcase name="testGet_validIndex" time="0.0" classname="Test_6_A_addToFrontB_BA"/>
  <testcase name="testGet_validIndex" time="0.0" classname="Test_6_A_addToFrontB_BA"/>
  <testcase name="testIndexOf_invalidElement" time="0.0" classname="Test_6_A_addToFrontB_BA"/>
  <testcase name="testIndexOf_validElement" time="0.011" classname="Test_6_A_addToFrontB_BA"/>
  <testcase name="testIndexOf_validElement" time="0.001" classname="Test_6_A_addToFrontB_BA"/>
  <testcase name="testIsEmpty" time="0.0" classname="Test_6_A_addToFrontB_BA"/>
  <testcase name="testIterator" time="0.002" classname="Test_6_A_addToFrontB_BA"/>
  <testcase name="testLast" time="0.0" classname="Test_6_A_addToFrontB_BA"/>
  <testcase name="testListIterator" time="0.001" classname="Test_6_A_addToFrontB_BA"/>
  <testcase name="testListIterator_invalidIndex" time="0.0" classname="Test_6_A_addToFrontB_BA"/>
  <testcase name="testListIterator_invalidIndex" time="0.0" classname="Test_6_A_addToFrontB_BA"/>
  <testcase name="testListIterator_validIndex" time="0.0" classname="Test_6_A_addToFrontB_BA"/>
  <testcase name="testListIterator_validIndex" time="0.0" classname="Test_6_A_addToFrontB_BA"/>
  <testcase name="testListIterator_validIndex" time="0.002" classname="Test_6_A_addToFrontB_BA"/>
  <testcase name="testRemoveFirst" time="0.001" classname="Test_6_A_addToFrontB_BA"/>
  <testcase name="testRemoveLast" time="0.0" classname="Test_6_A_addToFrontB_BA"/>
  <testcase name="testRemove_invalidElement" time="0.0" classname="Test_6_A_addToFrontB_BA"/>
  <testcase name="testRemove_invalidIndex" time="0.0" classname="Test_6_A_addToFrontB_BA"/>
  <testcase name="testRemove_invalidIndex" time="0.001" classname="Test_6_A_addToFrontB_BA"/>
  <testcase name="testRemove_validElement" time="0.0" classname="Test_6_A_addToFrontB_BA"/>
  <testcase name="testRemove_validElement" time="0.0" classname="Test_6_A_addToFrontB_BA"/>
  <testcase name="testRemove_validIndex" time="0.015" classname="Test_6_A_addToFrontB_BA"/>
  <testcase name="testRemove_validIndex" time="0.0" classname="Test_6_A_addToFrontB_BA"/>
  <testcase name="testSet_invalidIndex" time="0.0" classname="Test_6_A_addToFrontB_BA"/>
  <testcase name="testSet_invalidIndex" time="0.0" classname="Test_6_A_addToFrontB_BA"/>
  <testcase name="testSet_validIndex" time="0.0" classname="Test_6_A_addToFrontB_BA"/>
  <testcase name="testSet_validIndex" time="0.0" classname="Test_6_A_addToFrontB_BA"/>
  <testcase name="testSize" time="0.0" classname="Test_6_A_addToFrontB_BA"/>
  <testcase name="testAdd" time="0.0" classname="Test_39_ABC_remove1_AC"/>
  <testcase name="testAddAfter_invalidElement" time="0.0" classname="Test_39_ABC_remove1_AC"/>
  <testcase name="testAddAfter_validElement" time="0.0" classname="Test_39_ABC_remove1_AC"/>
  <testcase name="testAddAfter_validElement" time="0.0" classname="Test_39_ABC_remove1_AC"/>
  <testcase name="testAddToFront" time="0.016" classname="Test_39_ABC_remove1_AC"/>
  <testcase name="testAddToRear" time="0.0" classname="Test_39_ABC_remove1_AC"/>
  <testcase name="testAdd_invalidIndex" time="0.0" classname="Test_39_ABC_remove1_AC"/>
  <testcase name="testAdd_invalidIndex" time="0.0" classname="Test_39_ABC_remove1_AC"/>
  <testcase name="testAdd_validIndex" time="0.0" classname="Test_39_ABC_remove1_AC"/>
  <testcase name="testAdd_validIndex" time="0.0" classname="Test_39_ABC_remove1_AC"/>
  <testcase name="testAdd_validIndex" time="0.0" classname="Test_39_ABC_remove1_AC"/>
  <testcase name="testContains_invalidElement" time="0.0" classname="Test_39_ABC_remove1_AC"/>
  <testcase name="testContains_validElement" time="0.0" classname="Test_39_ABC_remove1_AC"/>
  <testcase name="testContains_validElement" time="0.0" classname="Test_39_ABC_remove1_AC"/>
  <testcase name="testFirst" time="0.0" classname="Test_39_ABC_remove1_AC"/>
  <testcase name="testGet_invalidIndex" time="0.015" classname="Test_39_ABC_remove1_AC"/>
  <testcase name="testGet_invalidIndex" time="0.0" classname="Test_39_ABC_remove1_AC"/>
  <testcase name="testGet_validIndex" time="0.0" classname="Test_39_ABC_remove1_AC"/>
  <testcase name="testGet_validIndex" time="0.0" classname="Test_39_ABC_remove1_AC"/>
  <testcase name="testIndexOf" time="0.0" classname="Test_39_ABC_remove1_AC"/>
  <testcase name="testIndexOf" time="0.0" classname="Test_39_ABC_remove1_AC"/>
  <testcase name="testIndexOf" time="0.0" classname="Test_39_ABC_remove1_AC"/>
  <testcase name="testIsEmpty" time="0.0" classname="Test_39_ABC_remove1_AC"/>
  <testcase name="testIterator" time="0.0" classname="Test_39_ABC_remove1_AC"/>
  <testcase name="testLast" time="0.0" classname="Test_39_ABC_remove1_AC"/>
  <testcase name="testListIterator" time="0.0" classname="Test_39_ABC_remove1_AC"/>
  <testcase name="testListIterator_invalidIndex" time="0.0" classname="Test_39_ABC_remove1_AC"/>
  <testcase name="testListIterator_invalidIndex" time="0.0" classname="Test_39_ABC_remove1_AC"/>
  <testcase name="testListIterator_validIndex" time="0.001" classname="Test_39_ABC_remove1_AC"/>
  <testcase name="testListIterator_validIndex" time="0.0" classname="Test_39_ABC_remove1_AC"/>
  <testcase name="testListIterator_validIndex" time="0.006" classname="Test_39_ABC_remove1_AC"/>
  <testcase name="testRemoveFirst" time="0.001" classname="Test_39_ABC_remove1_AC"/>
  <testcase name="testRemoveLast" time="0.0" classname="Test_39_ABC_remove1_AC"/>
  <testcase name="testRemove_invalidElement" time="0.0" classname="Test_39_ABC_remove1_AC"/>
  <testcase name="testRemove_invalidIndex" time="0.0" classname="Test_39_ABC_remove1_AC"/>
  <testcase name="testRemove_invalidIndex" time="0.0" classname="Test_39_ABC_remove1_AC"/>
  <testcase name="testRemove_validElement" time="0.0" classname="Test_39_ABC_remove1_AC"/>
  <testcase name="testRemove_validElement" time="0.0" classname="Test_39_ABC_remove1_AC"/>
  <testcase name="testRemove_validIndex" time="0.0" classname="Test_39_ABC_remove1_AC"/>
  <testcase name="testRemove_validIndex" time="0.0" classname="Test_39_ABC_remove1_AC"/>
  <testcase name="testSet_invalidIndex" time="0.0" classname="Test_39_ABC_remove1_AC"/>
  <testcase name="testSet_invalidIndex" time="0.0" classname="Test_39_ABC_remove1_AC"/>
  <testcase name="testSet_validIndex" time="0.0" classname="Test_39_ABC_remove1_AC"/>
  <testcase name="testSet_validIndex" time="0.0" classname="Test_39_ABC_remove1_AC"/>
  <testcase name="testSize" time="0.0" classname="Test_39_ABC_remove1_AC"/>
  <testcase name="testAdd" time="0.001" classname="Test_2_addToFrontA_A"/>
  <testcase name="testAddAfter_invalidElement" time="0.0" classname="Test_2_addToFrontA_A"/>
  <testcase name="testAddAfter_validElement" time="0.0" classname="Test_2_addToFrontA_A"/>
  <testcase name="testAddToFront" time="0.0" classname="Test_2_addToFrontA_A"/>
  <testcase name="testAddToRear" time="0.0" classname="Test_2_addToFrontA_A"/>
  <testcase name="testAdd_invalidIndex" time="0.0" classname="Test_2_addToFrontA_A"/>
  <testcase name="testAdd_invalidIndex" time="0.0" classname="Test_2_addToFrontA_A"/>
  <testcase name="testAdd_validIndex" time="0.0" classname="Test_2_addToFrontA_A"/>
  <testcase name="testAdd_validIndex" time="0.0" classname="Test_2_addToFrontA_A"/>
  <testcase name="testContains_invalidElement" time="0.0" classname="Test_2_addToFrontA_A"/>
  <testcase name="testContains_validElement" time="0.017" classname="Test_2_addToFrontA_A"/>
  <testcase name="testFirst" time="0.0" classname="Test_2_addToFrontA_A"/>
  <testcase name="testGet_invalidIndex" time="0.0" classname="Test_2_addToFrontA_A"/>
  <testcase name="testGet_invalidIndex" time="0.0" classname="Test_2_addToFrontA_A"/>
  <testcase name="testGet_validIndex" time="0.0" classname="Test_2_addToFrontA_A"/>
  <testcase name="testIndexOf" time="0.0" classname="Test_2_addToFrontA_A"/>
  <testcase name="testIndexOf" time="0.0" classname="Test_2_addToFrontA_A"/>
  <testcase name="testIsEmpty" time="0.0" classname="Test_2_addToFrontA_A"/>
  <testcase name="testIterator" time="0.0" classname="Test_2_addToFrontA_A"/>
  <testcase name="testLast" time="0.001" classname="Test_2_addToFrontA_A"/>
  <testcase name="testListIterator" time="0.001" classname="Test_2_addToFrontA_A"/>
  <testcase name="testListIterator_invalidIndex" time="0.0" classname="Test_2_addToFrontA_A"/>
  <testcase name="testListIterator_invalidIndex" time="0.0" classname="Test_2_addToFrontA_A"/>
  <testcase name="testListIterator_validIndex" time="0.0" classname="Test_2_addToFrontA_A"/>
  <testcase name="testListIterator_validIndex" time="0.0" classname="Test_2_addToFrontA_A"/>
  <testcase name="testRemoveFirst" time="0.0" classname="Test_2_addToFrontA_A"/>
  <testcase name="testRemoveLast" time="0.0" classname="Test_2_addToFrontA_A"/>
  <testcase name="testRemove_invalidElement" time="0.004" classname="Test_2_addToFrontA_A"/>
  <testcase name="testRemove_invalidIndex" time="0.0" classname="Test_2_addToFrontA_A"/>
  <testcase name="testRemove_invalidIndex" time="0.0" classname="Test_2_addToFrontA_A"/>
  <testcase name="testRemove_validElement" time="0.0" classname="Test_2_addToFrontA_A"/>
  <testcase name="testRemove_validIndex" time="0.0" classname="Test_2_addToFrontA_A"/>
  <testcase name="testSet_invalidIndex" time="0.0" classname="Test_2_addToFrontA_A"/>
  <testcase name="testSet_invalidIndex" time="0.016" classname="Test_2_addToFrontA_A"/>
  <testcase name="testSet_validIndex" time="0.0" classname="Test_2_addToFrontA_A"/>
  <testcase name="testSize" time="0.0" classname="Test_2_addToFrontA_A"/>
  <testcase name="testAdd" time="0.001" classname="Test_3_addToRearA_A"/>
  <testcase name="testAddAfter_invalidElement" time="0.0" classname="Test_3_addToRearA_A"/>
  <testcase name="testAddAfter_validElement" time="0.0" classname="Test_3_addToRearA_A"/>
  <testcase name="testAddToFront" time="0.0" classname="Test_3_addToRearA_A"/>
  <testcase name="testAddToRear" time="0.0" classname="Test_3_addToRearA_A"/>
  <testcase name="testAdd_invalidIndex" time="0.0" classname="Test_3_addToRearA_A"/>
  <testcase name="testAdd_invalidIndex" time="0.0" classname="Test_3_addToRearA_A"/>
  <testcase name="testAdd_validIndex" time="0.016" classname="Test_3_addToRearA_A"/>
  <testcase name="testAdd_validIndex" time="0.0" classname="Test_3_addToRearA_A"/>
  <testcase name="testContains_invalidElement" time="0.0" classname="Test_3_addToRearA_A"/>
  <testcase name="testContains_validElement" time="0.0" classname="Test_3_addToRearA_A"/>
  <testcase name="testFirst" time="0.0" classname="Test_3_addToRearA_A"/>
  <testcase name="testGet_invalidIndex" time="0.0" classname="Test_3_addToRearA_A"/>
  <testcase name="testGet_invalidIndex" time="0.0" classname="Test_3_addToRearA_A"/>
  <testcase name="testGet_validIndex" time="0.0" classname="Test_3_addToRearA_A"/>
  <testcase name="testIndexOf" time="0.0" classname="Test_3_addToRearA_A"/>
  <testcase name="testIndexOf" time="0.0" classname="Test_3_addToRearA_A"/>
  <testcase name="testIsEmpty" time="0.0" classname="Test_3_addToRearA_A"/>
  <testcase name="testIterator" time="0.0" classname="Test_3_addToRearA_A"/>
  <testcase name="testLast" time="0.0" classname="Test_3_addToRearA_A"/>
  <testcase name="testListIterator" time="0.0" classname="Test_3_addToRearA_A"/>
  <testcase name="testListIterator_invalidIndex" time="0.0" classname="Test_3_addToRearA_A"/>
  <testcase name="testListIterator_invalidIndex" time="0.0" classname="Test_3_addToRearA_A"/>
  <testcase name="testListIterator_validIndex" time="0.0" classname="Test_3_addToRearA_A"/>
  <testcase name="testListIterator_validIndex" time="0.0" classname="Test_3_addToRearA_A"/>
  <testcase name="testRemoveFirst" time="0.0" classname="Test_3_addToRearA_A"/>
  <testcase name="testRemoveLast" time="0.0" classname="Test_3_addToRearA_A"/>
  <testcase name="testRemove_invalidElement" time="0.0" classname="Test_3_addToRearA_A"/>
  <testcase name="testRemove_invalidIndex" time="0.0" classname="Test_3_addToRearA_A"/>
  <testcase name="testRemove_invalidIndex" time="0.001" classname="Test_3_addToRearA_A"/>
  <testcase name="testRemove_validElement" time="0.0" classname="Test_3_addToRearA_A"/>
  <testcase name="testRemove_validIndex" time="0.001" classname="Test_3_addToRearA_A"/>
  <testcase name="testSet_invalidIndex" time="0.0" classname="Test_3_addToRearA_A"/>
  <testcase name="testSet_invalidIndex" time="0.0" classname="Test_3_addToRearA_A"/>
  <testcase name="testSet_validIndex" time="0.0" classname="Test_3_addToRearA_A"/>
  <testcase name="testSize" time="0.0" classname="Test_3_addToRearA_A"/>
  <testcase name="testAdd" time="0.0" classname="Test_4_addA_A"/>
  <testcase name="testAddAfter_invalidElement" time="0.005" classname="Test_4_addA_A"/>
  <testcase name="testAddAfter_validElement" time="0.0" classname="Test_4_addA_A"/>
  <testcase name="testAddToFront" time="0.0" classname="Test_4_addA_A"/>
  <testcase name="testAddToRear" time="0.0" classname="Test_4_addA_A"/>
  <testcase name="testAdd_invalidIndex" time="0.0" classname="Test_4_addA_A"/>
  <testcase name="testAdd_invalidIndex" time="0.0" classname="Test_4_addA_A"/>
  <testcase name="testAdd_validIndex" time="0.0" classname="Test_4_addA_A"/>
  <testcase name="testAdd_validIndex" time="0.0" classname="Test_4_addA_A"/>
  <testcase name="testContains_invalidElement" time="0.0" classname="Test_4_addA_A"/>
  <testcase name="testContains_validElement" time="0.0" classname="Test_4_addA_A"/>
  <testcase name="testFirst" time="0.0" classname="Test_4_addA_A"/>
  <testcase name="testGet_invalidIndex" time="0.0" classname="Test_4_addA_A"/>
  <testcase name="testGet_invalidIndex" time="0.0" classname="Test_4_addA_A"/>
  <testcase name="testGet_validIndex" time="0.0" classname="Test_4_addA_A"/>
  <testcase name="testIndexOf" time="0.0" classname="Test_4_addA_A"/>
  <testcase name="testIndexOf" time="0.0" classname="Test_4_addA_A"/>
  <testcase name="testIsEmpty" time="0.0" classname="Test_4_addA_A"/>
  <testcase name="testIterator" time="0.0" classname="Test_4_addA_A"/>
  <testcase name="testLast" time="0.0" classname="Test_4_addA_A"/>
  <testcase name="testListIterator" time="0.0" classname="Test_4_addA_A"/>
  <testcase name="testListIterator_invalidIndex" time="0.016" classname="Test_4_addA_A"/>
  <testcase name="testListIterator_invalidIndex" time="0.0" classname="Test_4_addA_A"/>
  <testcase name="testListIterator_validIndex" time="0.0" classname="Test_4_addA_A"/>
  <testcase name="testListIterator_validIndex" time="0.0" classname="Test_4_addA_A"/>
  <testcase name="testRemoveFirst" time="0.0" classname="Test_4_addA_A"/>
  <testcase name="testRemoveLast" time="0.0" classname="Test_4_addA_A"/>
  <testcase name="testRemove_invalidElement" time="0.0" classname="Test_4_addA_A"/>
  <testcase name="testRemove_invalidIndex" time="0.0" classname="Test_4_addA_A"/>
  <testcase name="testRemove_invalidIndex" time="0.0" classname="Test_4_addA_A"/>
  <testcase name="testRemove_validElement" time="0.016" classname="Test_4_addA_A"/>
  <testcase name="testRemove_validIndex" time="0.0" classname="Test_4_addA_A"/>
  <testcase name="testSet_invalidIndex" time="0.0" classname="Test_4_addA_A"/>
  <testcase name="testSet_invalidIndex" time="0.0" classname="Test_4_addA_A"/>
  <testcase name="testSet_validIndex" time="0.0" classname="Test_4_addA_A"/>
  <testcase name="testSize" time="0.0" classname="Test_4_addA_A"/>
  <testcase name="testAdd" time="0.0" classname="Test_5_add0A_A"/>
  <testcase name="testAddAfter_invalidElement" time="0.0" classname="Test_5_add0A_A"/>
  <testcase name="testAddAfter_validElement" time="0.0" classname="Test_5_add0A_A"/>
  <testcase name="testAddToFront" time="0.0" classname="Test_5_add0A_A"/>
  <testcase name="testAddToRear" time="0.0" classname="Test_5_add0A_A"/>
  <testcase name="testAdd_invalidIndex" time="0.0" classname="Test_5_add0A_A"/>
  <testcase name="testAdd_invalidIndex" time="0.0" classname="Test_5_add0A_A"/>
  <testcase name="testAdd_validIndex" time="0.0" classname="Test_5_add0A_A"/>
  <testcase name="testAdd_validIndex" time="0.0" classname="Test_5_add0A_A"/>
  <testcase name="testContains_invalidElement" time="0.0" classname="Test_5_add0A_A"/>
  <testcase name="testContains_validElement" time="0.0" classname="Test_5_add0A_A"/>
  <testcase name="testFirst" time="0.0" classname="Test_5_add0A_A"/>
  <testcase name="testGet_invalidIndex" time="0.016" classname="Test_5_add0A_A"/>
  <testcase name="testGet_invalidIndex" time="0.0" classname="Test_5_add0A_A"/>
  <testcase name="testGet_validIndex" time="0.0" classname="Test_5_add0A_A"/>
  <testcase name="testIndexOf" time="0.0" classname="Test_5_add0A_A"/>
  <testcase name="testIndexOf" time="0.0" classname="Test_5_add0A_A"/>
  <testcase name="testIsEmpty" time="0.0" classname="Test_5_add0A_A"/>
  <testcase name="testIterator" time="0.0" classname="Test_5_add0A_A"/>
  <testcase name="testLast" time="0.0" classname="Test_5_add0A_A"/>
  <testcase name="testListIterator" time="0.0" classname="Test_5_add0A_A"/>
  <testcase name="testListIterator_invalidIndex" time="0.001" classname="Test_5_add0A_A"/>
  <testcase name="testListIterator_invalidIndex" time="0.0" classname="Test_5_add0A_A"/>
  <testcase name="testListIterator_validIndex" time="0.0" classname="Test_5_add0A_A"/>
  <testcase name="testListIterator_validIndex" time="0.0" classname="Test_5_add0A_A"/>
  <testcase name="testRemoveFirst" time="0.0" classname="Test_5_add0A_A"/>
  <testcase name="testRemoveLast" time="0.0" classname="Test_5_add0A_A"/>
  <testcase name="testRemove_invalidElement" time="0.0" classname="Test_5_add0A_A"/>
  <testcase name="testRemove_invalidIndex" time="0.0" classname="Test_5_add0A_A"/>
  <testcase name="testRemove_invalidIndex" time="0.016" classname="Test_5_add0A_A"/>
  <testcase name="testRemove_validElement" time="0.0" classname="Test_5_add0A_A"/>
  <testcase name="testRemove_validIndex" time="0.0" classname="Test_5_add0A_A"/>
  <testcase name="testSet_invalidIndex" time="0.0" classname="Test_5_add0A_A"/>
  <testcase name="testSet_invalidIndex" time="0.0" classname="Test_5_add0A_A"/>
  <testcase name="testSet_validIndex" time="0.0" classname="Test_5_add0A_A"/>
  <testcase name="testSize" time="0.0" classname="Test_5_add0A_A"/>
  <testcase name="testAdd" time="0.0" classname="Test_7_A_addToRearB_AB"/>
  <testcase name="testAddAfter_invalidElement" time="0.0" classname="Test_7_A_addToRearB_AB"/>
  <testcase name="testAddAfter_validElement" time="0.0" classname="Test_7_A_addToRearB_AB"/>
  <testcase name="testAddAfter_validElement" time="0.0" classname="Test_7_A_addToRearB_AB"/>
  <testcase name="testAddToFront" time="0.001" classname="Test_7_A_addToRearB_AB"/>
  <testcase name="testAddToRear" time="0.001" classname="Test_7_A_addToRearB_AB"/>
  <testcase name="testAdd_invalidIndex" time="0.001" classname="Test_7_A_addToRearB_AB"/>
  <testcase name="testAdd_invalidIndex" time="0.001" classname="Test_7_A_addToRearB_AB"/>
  <testcase name="testAdd_validIndex" time="0.0" classname="Test_7_A_addToRearB_AB"/>
  <testcase name="testAdd_validIndex" time="0.0" classname="Test_7_A_addToRearB_AB"/>
  <testcase name="testAdd_validIndex" time="0.0" classname="Test_7_A_addToRearB_AB"/>
  <testcase name="testContains_invalidElement" time="0.001" classname="Test_7_A_addToRearB_AB"/>
  <testcase name="testContains_validElement" time="0.0" classname="Test_7_A_addToRearB_AB"/>
  <testcase name="testContains_validElement" time="0.0" classname="Test_7_A_addToRearB_AB"/>
  <testcase name="testFirst" time="0.0" classname="Test_7_A_addToRearB_AB"/>
  <testcase name="testGet_invalidIndex" time="0.0" classname="Test_7_A_addToRearB_AB"/>
  <testcase name="testGet_invalidIndex" time="0.0" classname="Test_7_A_addToRearB_AB"/>
  <testcase name="testGet_validIndex" time="0.0" classname="Test_7_A_addToRearB_AB"/>
  <testcase name="testGet_validIndex" time="0.0" classname="Test_7_A_addToRearB_AB"/>
  <testcase name="testIndexOf_invalidElement" time="0.0" classname="Test_7_A_addToRearB_AB"/>
  <testcase name="testIndexOf_validElement" time="0.0" classname="Test_7_A_addToRearB_AB"/>
  <testcase name="testIndexOf_validElement" time="0.0" classname="Test_7_A_addToRearB_AB"/>
  <testcase name="testIsEmpty" time="0.001" classname="Test_7_A_addToRearB_AB"/>
  <testcase name="testIterator" time="0.0" classname="Test_7_A_addToRearB_AB"/>
  <testcase name="testLast" time="0.0" classname="Test_7_A_addToRearB_AB"/>
  <testcase name="testListIterator" time="0.0" classname="Test_7_A_addToRearB_AB"/>
  <testcase name="testListIterator_invalidIndex" time="0.0" classname="Test_7_A_addToRearB_AB"/>
  <testcase name="testListIterator_invalidIndex" time="0.0" classname="Test_7_A_addToRearB_AB"/>
  <testcase name="testListIterator_validIndex" time="0.0" classname="Test_7_A_addToRearB_AB"/>
  <testcase name="testListIterator_validIndex" time="0.0" classname="Test_7_A_addToRearB_AB"/>
  <testcase name="testListIterator_validIndex" time="0.0" classname="Test_7_A_addToRearB_AB"/>
  <testcase name="testRemoveFirst" time="0.0" classname="Test_7_A_addToRearB_AB"/>
  <testcase name="testRemoveLast" time="0.0" classname="Test_7_A_addToRearB_AB"/>
  <testcase name="testRemove_invalidElement" time="0.0" classname="Test_7_A_addToRearB_AB"/>
  <testcase name="testRemove_invalidIndex" time="0.0" classname="Test_7_A_addToRearB_AB"/>
  <testcase name="testRemove_invalidIndex" time="0.001" classname="Test_7_A_addToRearB_AB"/>
  <testcase name="testRemove_validElement" time="0.0" classname="Test_7_A_addToRearB_AB"/>
  <testcase name="testRemove_validElement" time="0.001" classname="Test_7_A_addToRearB_AB"/>
  <testcase name="testRemove_validIndex" time="0.0" classname="Test_7_A_addToRearB_AB"/>
  <testcase name="testRemove_validIndex" time="0.0" classname="Test_7_A_addToRearB_AB"/>
  <testcase name="testSet_invalidIndex" time="0.0" classname="Test_7_A_addToRearB_AB"/>
  <testcase name="testSet_invalidIndex" time="0.0" classname="Test_7_A_addToRearB_AB"/>
  <testcase name="testSet_validIndex" time="0.0" classname="Test_7_A_addToRearB_AB"/>
  <testcase name="testSet_validIndex" time="0.0" classname="Test_7_A_addToRearB_AB"/>
  <testcase name="testSize" time="0.0" classname="Test_7_A_addToRearB_AB"/>
  <testcase name="testAdd" time="0.001" classname="Test_8_A_addAfterBA_AB"/>
  <testcase name="testAddAfter_invalidElement" time="0.0" classname="Test_8_A_addAfterBA_AB"/>
  <testcase name="testAddAfter_validElement" time="0.0" classname="Test_8_A_addAfterBA_AB"/>
  <testcase name="testAddAfter_validElement" time="0.0" classname="Test_8_A_addAfterBA_AB"/>
  <testcase name="testAddToFront" time="0.0" classname="Test_8_A_addAfterBA_AB"/>
  <testcase name="testAddToRear" time="0.0" classname="Test_8_A_addAfterBA_AB"/>
  <testcase name="testAdd_invalidIndex" time="0.0" classname="Test_8_A_addAfterBA_AB"/>
  <testcase name="testAdd_invalidIndex" time="0.0" classname="Test_8_A_addAfterBA_AB"/>
  <testcase name="testAdd_validIndex" time="0.0" classname="Test_8_A_addAfterBA_AB"/>
  <testcase name="testAdd_validIndex" time="0.0" classname="Test_8_A_addAfterBA_AB"/>
  <testcase name="testAdd_validIndex" time="0.0" classname="Test_8_A_addAfterBA_AB"/>
  <testcase name="testContains_invalidElement" time="0.0" classname="Test_8_A_addAfterBA_AB"/>
  <testcase name="testContains_validElement" time="0.0" classname="Test_8_A_addAfterBA_AB"/>
  <testcase name="testContains_validElement" time="0.0" classname="Test_8_A_addAfterBA_AB"/>
  <testcase name="testFirst" time="0.0" classname="Test_8_A_addAfterBA_AB"/>
  <testcase name="testGet_invalidIndex" time="0.001" classname="Test_8_A_addAfterBA_AB"/>
  <testcase name="testGet_invalidIndex" time="0.0" classname="Test_8_A_addAfterBA_AB"/>
  <testcase name="testGet_validIndex" time="0.001" classname="Test_8_A_addAfterBA_AB"/>
  <testcase name="testGet_validIndex" time="0.0" classname="Test_8_A_addAfterBA_AB"/>
  <testcase name="testIndexOf_invalidElement" time="0.0" classname="Test_8_A_addAfterBA_AB"/>
  <testcase name="testIndexOf_validElement" time="0.0" classname="Test_8_A_addAfterBA_AB"/>
  <testcase name="testIndexOf_validElement" time="0.0" classname="Test_8_A_addAfterBA_AB"/>
  <testcase name="testIsEmpty" time="0.0" classname="Test_8_A_addAfterBA_AB"/>
  <testcase name="testIterator" time="0.0" classname="Test_8_A_addAfterBA_AB"/>
  <testcase name="testLast" time="0.0" classname="Test_8_A_addAfterBA_AB"/>
  <testcase name="testListIterator" time="0.0" classname="Test_8_A_addAfterBA_AB"/>
  <testcase name="testListIterator_invalidIndex" time="0.0" classname="Test_8_A_addAfterBA_AB"/>
  <testcase name="testListIterator_invalidIndex" time="0.0" classname="Test_8_A_addAfterBA_AB"/>
  <testcase name="testListIterator_validIndex" time="0.0" classname="Test_8_A_addAfterBA_AB"/>
  <testcase name="testListIterator_validIndex" time="0.016" classname="Test_8_A_addAfterBA_AB"/>
  <testcase name="testListIterator_validIndex" time="0.0" classname="Test_8_A_addAfterBA_AB"/>
  <testcase name="testRemoveFirst" time="0.0" classname="Test_8_A_addAfterBA_AB"/>
  <testcase name="testRemoveLast" time="0.0" classname="Test_8_A_addAfterBA_AB"/>
  <testcase name="testRemove_invalidElement" time="0.006" classname="Test_8_A_addAfterBA_AB"/>
  <testcase name="testRemove_invalidIndex" time="0.001" classname="Test_8_A_addAfterBA_AB"/>
  <testcase name="testRemove_invalidIndex" time="0.0" classname="Test_8_A_addAfterBA_AB"/>
  <testcase name="testRemove_validElement" time="0.0" classname="Test_8_A_addAfterBA_AB"/>
  <testcase name="testRemove_validElement" time="0.0" classname="Test_8_A_addAfterBA_AB"/>
  <testcase name="testRemove_validIndex" time="0.0" classname="Test_8_A_addAfterBA_AB"/>
  <testcase name="testRemove_validIndex" time="0.0" classname="Test_8_A_addAfterBA_AB"/>
  <testcase name="testSet_invalidIndex" time="0.0" classname="Test_8_A_addAfterBA_AB"/>
  <testcase name="testSet_invalidIndex" time="0.001" classname="Test_8_A_addAfterBA_AB"/>
  <testcase name="testSet_validIndex" time="0.0" classname="Test_8_A_addAfterBA_AB"/>
  <testcase name="testSet_validIndex" time="0.0" classname="Test_8_A_addAfterBA_AB"/>
  <testcase name="testSize" time="0.001" classname="Test_8_A_addAfterBA_AB"/>
  <testcase name="testAdd" time="0.001" classname="Test_9_A_addB_AB"/>
  <testcase name="testAddAfter_invalidElement" time="0.001" classname="Test_9_A_addB_AB"/>
  <testcase name="testAddAfter_validElement" time="0.0" classname="Test_9_A_addB_AB"/>
  <testcase name="testAddAfter_validElement" time="0.0" classname="Test_9_A_addB_AB"/>
  <testcase name="testAddToFront" time="0.0" classname="Test_9_A_addB_AB"/>
  <testcase name="testAddToRear" time="0.002" classname="Test_9_A_addB_AB"/>
  <testcase name="testAdd_invalidIndex" time="0.001" classname="Test_9_A_addB_AB"/>
  <testcase name="testAdd_invalidIndex" time="0.001" classname="Test_9_A_addB_AB"/>
  <testcase name="testAdd_validIndex" time="0.0" classname="Test_9_A_addB_AB"/>
  <testcase name="testAdd_validIndex" time="0.0" classname="Test_9_A_addB_AB"/>
  <testcase name="testAdd_validIndex" time="0.0" classname="Test_9_A_addB_AB"/>
  <testcase name="testContains_invalidElement" time="0.0" classname="Test_9_A_addB_AB"/>
  <testcase name="testContains_validElement" time="0.001" classname="Test_9_A_addB_AB"/>
  <testcase name="testContains_validElement" time="0.001" classname="Test_9_A_addB_AB"/>
  <testcase name="testFirst" time="0.0" classname="Test_9_A_addB_AB"/>
  <testcase name="testGet_invalidIndex" time="0.0" classname="Test_9_A_addB_AB"/>
  <testcase name="testGet_invalidIndex" time="0.0" classname="Test_9_A_addB_AB"/>
  <testcase name="testGet_validIndex" time="0.0" classname="Test_9_A_addB_AB"/>
  <testcase name="testGet_validIndex" time="0.0" classname="Test_9_A_addB_AB"/>
  <testcase name="testIndexOf_invalidElement" time="0.0" classname="Test_9_A_addB_AB"/>
  <testcase name="testIndexOf_validElement" time="0.0" classname="Test_9_A_addB_AB"/>
  <testcase name="testIndexOf_validElement" time="0.0" classname="Test_9_A_addB_AB"/>
  <testcase name="testIsEmpty" time="0.0" classname="Test_9_A_addB_AB"/>
  <testcase name="testIterator" time="0.0" classname="Test_9_A_addB_AB"/>
  <testcase name="testLast" time="0.011" classname="Test_9_A_addB_AB"/>
  <testcase name="testListIterator" time="0.0" classname="Test_9_A_addB_AB"/>
  <testcase name="testListIterator_invalidIndex" time="0.0" classname="Test_9_A_addB_AB"/>
  <testcase name="testListIterator_invalidIndex" time="0.001" classname="Test_9_A_addB_AB"/>
  <testcase name="testListIterator_validIndex" time="0.0" classname="Test_9_A_addB_AB"/>
  <testcase name="testListIterator_validIndex" time="0.0" classname="Test_9_A_addB_AB"/>
  <testcase name="testListIterator_validIndex" time="0.001" classname="Test_9_A_addB_AB"/>
  <testcase name="testRemoveFirst" time="0.001" classname="Test_9_A_addB_AB"/>
  <testcase name="testRemoveLast" time="0.001" classname="Test_9_A_addB_AB"/>
  <testcase name="testRemove_invalidElement" time="0.0" classname="Test_9_A_addB_AB"/>
  <testcase name="testRemove_invalidIndex" time="0.0" classname="Test_9_A_addB_AB"/>
  <testcase name="testRemove_invalidIndex" time="0.003" classname="Test_9_A_addB_AB"/>
  <testcase name="testRemove_validElement" time="0.0" classname="Test_9_A_addB_AB"/>
  <testcase name="testRemove_validElement" time="0.0" classname="Test_9_A_addB_AB"/>
  <testcase name="testRemove_validIndex" time="0.0" classname="Test_9_A_addB_AB"/>
  <testcase name="testRemove_validIndex" time="0.001" classname="Test_9_A_addB_AB"/>
  <testcase name="testSet_invalidIndex" time="0.001" classname="Test_9_A_addB_AB"/>
  <testcase name="testSet_invalidIndex" time="0.0" classname="Test_9_A_addB_AB"/>
  <testcase name="testSet_validIndex" time="0.001" classname="Test_9_A_addB_AB"/>
  <testcase name="testSet_validIndex" time="0.0" classname="Test_9_A_addB_AB"/>
  <testcase name="testSize" time="0.0" classname="Test_9_A_addB_AB"/>
  <testcase name="testAdd" time="0.001" classname="Test_11_A_add1B_AB"/>
  <testcase name="testAddAfter_invalidElement" time="0.0" classname="Test_11_A_add1B_AB"/>
  <testcase name="testAddAfter_validElement" time="0.0" classname="Test_11_A_add1B_AB"/>
  <testcase name="testAddAfter_validElement" time="0.0" classname="Test_11_A_add1B_AB"/>
  <testcase name="testAddToFront" time="0.0" classname="Test_11_A_add1B_AB"/>
  <testcase name="testAddToRear" time="0.0" classname="Test_11_A_add1B_AB"/>
  <testcase name="testAdd_invalidIndex" time="0.002" classname="Test_11_A_add1B_AB"/>
  <testcase name="testAdd_invalidIndex" time="0.0" classname="Test_11_A_add1B_AB"/>
  <testcase name="testAdd_validIndex" time="0.0" classname="Test_11_A_add1B_AB"/>
  <testcase name="testAdd_validIndex" time="0.0" classname="Test_11_A_add1B_AB"/>
  <testcase name="testAdd_validIndex" time="0.001" classname="Test_11_A_add1B_AB"/>
  <testcase name="testContains_invalidElement" time="0.0" classname="Test_11_A_add1B_AB"/>
  <testcase name="testContains_validElement" time="0.0" classname="Test_11_A_add1B_AB"/>
  <testcase name="testContains_validElement" time="0.001" classname="Test_11_A_add1B_AB"/>
  <testcase name="testFirst" time="0.0" classname="Test_11_A_add1B_AB"/>
  <testcase name="testGet_invalidIndex" time="0.0" classname="Test_11_A_add1B_AB"/>
  <testcase name="testGet_invalidIndex" time="0.0" classname="Test_11_A_add1B_AB"/>
  <testcase name="testGet_validIndex" time="0.0" classname="Test_11_A_add1B_AB"/>
  <testcase name="testGet_validIndex" time="0.0" classname="Test_11_A_add1B_AB"/>
  <testcase name="testIndexOf_invalidElement" time="0.0" classname="Test_11_A_add1B_AB"/>
  <testcase name="testIndexOf_validElement" time="0.0" classname="Test_11_A_add1B_AB"/>
  <testcase name="testIndexOf_validElement" time="0.0" classname="Test_11_A_add1B_AB"/>
  <testcase name="testIsEmpty" time="0.0" classname="Test_11_A_add1B_AB"/>
  <testcase name="testIterator" time="0.0" classname="Test_11_A_add1B_AB"/>
  <testcase name="testLast" time="0.0" classname="Test_11_A_add1B_AB"/>
  <testcase name="testListIterator" time="0.0" classname="Test_11_A_add1B_AB"/>
  <testcase name="testListIterator_invalidIndex" time="0.0" classname="Test_11_A_add1B_AB"/>
  <testcase name="testListIterator_invalidIndex" time="0.001" classname="Test_11_A_add1B_AB"/>
  <testcase name="testListIterator_validIndex" time="0.0" classname="Test_11_A_add1B_AB"/>
  <testcase name="testListIterator_validIndex" time="0.0" classname="Test_11_A_add1B_AB"/>
  <testcase name="testListIterator_validIndex" time="0.001" classname="Test_11_A_add1B_AB"/>
  <testcase name="testRemoveFirst" time="0.0" classname="Test_11_A_add1B_AB"/>
  <testcase name="testRemoveLast" time="0.0" classname="Test_11_A_add1B_AB"/>
  <testcase name="testRemove_invalidElement" time="0.0" classname="Test_11_A_add1B_AB"/>
  <testcase name="testRemove_invalidIndex" time="0.0" classname="Test_11_A_add1B_AB"/>
  <testcase name="testRemove_invalidIndex" time="0.0" classname="Test_11_A_add1B_AB"/>
  <testcase name="testRemove_validElement" time="0.002" classname="Test_11_A_add1B_AB"/>
  <testcase name="testRemove_validElement" time="0.0" classname="Test_11_A_add1B_AB"/>
  <testcase name="testRemove_validIndex" time="0.0" classname="Test_11_A_add1B_AB"/>
  <testcase name="testRemove_validIndex" time="0.0" classname="Test_11_A_add1B_AB"/>
  <testcase name="testSet_invalidIndex" time="0.0" classname="Test_11_A_add1B_AB"/>
  <testcase name="testSet_invalidIndex" time="0.0" classname="Test_11_A_add1B_AB"/>
  <testcase name="testSet_validIndex" time="0.0" classname="Test_11_A_add1B_AB"/>
  <testcase name="testSet_validIndex" time="0.0" classname="Test_11_A_add1B_AB"/>
  <testcase name="testSize" time="0.001" classname="Test_11_A_add1B_AB"/>
</testsuite>
