<?xml version="1.0" encoding="UTF-8"?>
<testng-results skipped="0" failed="0" ignored="0" total="438" passed="438">
  <reporter-output>
  </reporter-output>
  <suite name="List Testing 2" duration-ms="1191" started-at="2019-10-19T20:09:27Z" finished-at="2019-10-19T20:09:28Z">
    <groups>
    </groups>
    <test name="Good List" duration-ms="1191" started-at="2019-10-19T20:09:27Z" finished-at="2019-10-19T20:09:28Z">
      <class name="Test_6_A_addToFrontB_BA">
        <test-method status="PASS" signature="initialize(java.lang.String)[pri:0, instance:Test_6_A_addToFrontB_BA@548a9f61]" name="initialize" is-config="true" duration-ms="0" started-at="2019-10-19T20:09:27Z" finished-at="2019-10-19T20:09:27Z">
          <params>
            <param index="0">
              <value>
                <![CDATA[goodList]]>
              </value>
            </param>
          </params>
          <reporter-output>
          </reporter-output>
        </test-method> <!-- initialize -->
        <test-method status="PASS" signature="testAdd()[pri:0, instance:Test_6_A_addToFrontB_BA@548a9f61]" name="testAdd" duration-ms="1" started-at="2019-10-19T20:09:27Z" finished-at="2019-10-19T20:09:27Z">
          <reporter-output>
          </reporter-output>
        </test-method> <!-- testAdd -->
        <test-method status="PASS" signature="initialize(java.lang.String)[pri:0, instance:Test_6_A_addToFrontB_BA@548a9f61]" name="initialize" is-config="true" duration-ms="0" started-at="2019-10-19T20:09:27Z" finished-at="2019-10-19T20:09:27Z">
          <params>
            <param index="0">
              <value>
                <![CDATA[goodList]]>
              </value>
            </param>
          </params>
          <reporter-output>
          </reporter-output>
        </test-method> <!-- initialize -->
        <test-method status="PASS" signature="initialize(java.lang.String)[pri:0, instance:Test_6_A_addToFrontB_BA@548a9f61]" name="initialize" is-config="true" duration-ms="0" started-at="2019-10-19T20:09:27Z" finished-at="2019-10-19T20:09:27Z">
          <params>
            <param index="0">
              <value>
                <![CDATA[goodList]]>
              </value>
            </param>
          </params>
          <reporter-output>
          </reporter-output>
        </test-method> <!-- initialize -->
        <test-method status="PASS" signature="testAddAfter_invalidElement()[pri:0, instance:Test_6_A_addToFrontB_BA@548a9f61]" name="testAddAfter_invalidElement" duration-ms="0" started-at="2019-10-19T20:09:27Z" finished-at="2019-10-19T20:09:27Z">
          <exception class="java.util.NoSuchElementException">
            <full-stacktrace>
              <![CDATA[java.util.NoSuchElementException
at GoodList.addAfter(GoodList.java:34)
at TestCase.addAfter(TestCase.java:260)
at Test_6_A_addToFrontB_BA.testAddAfter_invalidElement(Test_6_A_addToFrontB_BA.java:251)
at sun.reflect.NativeMethodAccessorImpl.invoke0(Native Method)
at sun.reflect.NativeMethodAccessorImpl.invoke(Unknown Source)
at sun.reflect.DelegatingMethodAccessorImpl.invoke(Unknown Source)
at java.lang.reflect.Method.invoke(Unknown Source)
at org.testng.internal.MethodInvocationHelper.invokeMethod(MethodInvocationHelper.java:124)
at org.testng.internal.Invoker.invokeMethod(Invoker.java:583)
at org.testng.internal.Invoker.invokeTestMethod(Invoker.java:719)
at org.testng.internal.Invoker.invokeTestMethods(Invoker.java:989)
at org.testng.internal.TestMethodWorker.invokeTestMethods(TestMethodWorker.java:125)
at org.testng.internal.TestMethodWorker.run(TestMethodWorker.java:109)
at org.testng.TestRunner.privateRun(TestRunner.java:648)
at org.testng.TestRunner.run(TestRunner.java:505)
at org.testng.SuiteRunner.runTest(SuiteRunner.java:455)
at org.testng.SuiteRunner.runSequentially(SuiteRunner.java:450)
at org.testng.SuiteRunner.privateRun(SuiteRunner.java:415)
at org.testng.SuiteRunner.run(SuiteRunner.java:364)
at org.testng.SuiteRunnerWorker.runSuite(SuiteRunnerWorker.java:52)
at org.testng.SuiteRunnerWorker.run(SuiteRunnerWorker.java:84)
at org.testng.TestNG.runSuitesSequentially(TestNG.java:1208)
at org.testng.TestNG.runSuitesLocally(TestNG.java:1137)
at org.testng.TestNG.runSuites(TestNG.java:1049)
at org.testng.TestNG.run(TestNG.java:1017)
at org.testng.remote.AbstractRemoteTestNG.run(AbstractRemoteTestNG.java:114)
at org.testng.remote.RemoteTestNG.initAndRun(RemoteTestNG.java:251)
at org.testng.remote.RemoteTestNG.main(RemoteTestNG.java:77)
]]>
            </full-stacktrace>
          </exception> <!-- java.util.NoSuchElementException -->
          <reporter-output>
          </reporter-output>
        </test-method> <!-- testAddAfter_invalidElement -->
        <test-method status="PASS" signature="testAddAfter_validElement(java.lang.Character)[pri:0, instance:Test_6_A_addToFrontB_BA@548a9f61]" name="testAddAfter_validElement" duration-ms="0" started-at="2019-10-19T20:09:27Z" data-provider="validElements" finished-at="2019-10-19T20:09:27Z">
          <params>
            <param index="0">
              <value>
                <![CDATA[A]]>
              </value>
            </param>
          </params>
          <reporter-output>
          </reporter-output>
        </test-method> <!-- testAddAfter_validElement -->
        <test-method status="PASS" signature="testAddAfter_validElement(java.lang.Character)[pri:0, instance:Test_6_A_addToFrontB_BA@548a9f61]" name="testAddAfter_validElement" duration-ms="0" started-at="2019-10-19T20:09:27Z" data-provider="validElements" finished-at="2019-10-19T20:09:27Z">
          <params>
            <param index="0">
              <value>
                <![CDATA[B]]>
              </value>
            </param>
          </params>
          <reporter-output>
          </reporter-output>
        </test-method> <!-- testAddAfter_validElement -->
        <test-method status="PASS" signature="initialize(java.lang.String)[pri:0, instance:Test_6_A_addToFrontB_BA@548a9f61]" name="initialize" is-config="true" duration-ms="0" started-at="2019-10-19T20:09:27Z" finished-at="2019-10-19T20:09:27Z">
          <params>
            <param index="0">
              <value>
                <![CDATA[goodList]]>
              </value>
            </param>
          </params>
          <reporter-output>
          </reporter-output>
        </test-method> <!-- initialize -->
        <test-method status="PASS" signature="testAddToFront()[pri:0, instance:Test_6_A_addToFrontB_BA@548a9f61]" name="testAddToFront" duration-ms="0" started-at="2019-10-19T20:09:27Z" finished-at="2019-10-19T20:09:27Z">
          <reporter-output>
          </reporter-output>
        </test-method> <!-- testAddToFront -->
        <test-method status="PASS" signature="initialize(java.lang.String)[pri:0, instance:Test_6_A_addToFrontB_BA@548a9f61]" name="initialize" is-config="true" duration-ms="0" started-at="2019-10-19T20:09:27Z" finished-at="2019-10-19T20:09:27Z">
          <params>
            <param index="0">
              <value>
                <![CDATA[goodList]]>
              </value>
            </param>
          </params>
          <reporter-output>
          </reporter-output>
        </test-method> <!-- initialize -->
        <test-method status="PASS" signature="initialize(java.lang.String)[pri:0, instance:Test_6_A_addToFrontB_BA@548a9f61]" name="initialize" is-config="true" duration-ms="0" started-at="2019-10-19T20:09:27Z" finished-at="2019-10-19T20:09:27Z">
          <params>
            <param index="0">
              <value>
                <![CDATA[goodList]]>
              </value>
            </param>
          </params>
          <reporter-output>
          </reporter-output>
        </test-method> <!-- initialize -->
        <test-method status="PASS" signature="testAddToRear()[pri:0, instance:Test_6_A_addToFrontB_BA@548a9f61]" name="testAddToRear" duration-ms="5" started-at="2019-10-19T20:09:27Z" finished-at="2019-10-19T20:09:27Z">
          <reporter-output>
          </reporter-output>
        </test-method> <!-- testAddToRear -->
        <test-method status="PASS" signature="initialize(java.lang.String)[pri:0, instance:Test_6_A_addToFrontB_BA@548a9f61]" name="initialize" is-config="true" duration-ms="1" started-at="2019-10-19T20:09:27Z" finished-at="2019-10-19T20:09:27Z">
          <params>
            <param index="0">
              <value>
                <![CDATA[goodList]]>
              </value>
            </param>
          </params>
          <reporter-output>
          </reporter-output>
        </test-method> <!-- initialize -->
        <test-method status="PASS" signature="testAdd_invalidIndex(int)[pri:0, instance:Test_6_A_addToFrontB_BA@548a9f61]" name="testAdd_invalidIndex" duration-ms="2" started-at="2019-10-19T20:09:27Z" data-provider="invalidAddIndexes" finished-at="2019-10-19T20:09:27Z">
          <params>
            <param index="0">
              <value>
                <![CDATA[-1]]>
              </value>
            </param>
          </params>
          <exception class="java.lang.IndexOutOfBoundsException">
            <message>
              <![CDATA[Index: -1, Size: 2]]>
            </message>
            <full-stacktrace>
              <![CDATA[java.lang.IndexOutOfBoundsException: Index: -1, Size: 2
at java.util.LinkedList.checkPositionIndex(Unknown Source)
at java.util.LinkedList.add(Unknown Source)
at GoodList.add(GoodList.java:42)
at TestCase.add(TestCase.java:171)
at Test_6_A_addToFrontB_BA.testAdd_invalidIndex(Test_6_A_addToFrontB_BA.java:271)
at sun.reflect.NativeMethodAccessorImpl.invoke0(Native Method)
at sun.reflect.NativeMethodAccessorImpl.invoke(Unknown Source)
at sun.reflect.DelegatingMethodAccessorImpl.invoke(Unknown Source)
at java.lang.reflect.Method.invoke(Unknown Source)
at org.testng.internal.MethodInvocationHelper.invokeMethod(MethodInvocationHelper.java:124)
at org.testng.internal.Invoker.invokeMethod(Invoker.java:583)
at org.testng.internal.Invoker.invokeTestMethod(Invoker.java:719)
at org.testng.internal.Invoker.invokeTestMethods(Invoker.java:989)
at org.testng.internal.TestMethodWorker.invokeTestMethods(TestMethodWorker.java:125)
at org.testng.internal.TestMethodWorker.run(TestMethodWorker.java:109)
at org.testng.TestRunner.privateRun(TestRunner.java:648)
at org.testng.TestRunner.run(TestRunner.java:505)
at org.testng.SuiteRunner.runTest(SuiteRunner.java:455)
at org.testng.SuiteRunner.runSequentially(SuiteRunner.java:450)
at org.testng.SuiteRunner.privateRun(SuiteRunner.java:415)
at org.testng.SuiteRunner.run(SuiteRunner.java:364)
at org.testng.SuiteRunnerWorker.runSuite(SuiteRunnerWorker.java:52)
at org.testng.SuiteRunnerWorker.run(SuiteRunnerWorker.java:84)
at org.testng.TestNG.runSuitesSequentially(TestNG.java:1208)
at org.testng.TestNG.runSuitesLocally(TestNG.java:1137)
at org.testng.TestNG.runSuites(TestNG.java:1049)
at org.testng.TestNG.run(TestNG.java:1017)
at org.testng.remote.AbstractRemoteTestNG.run(AbstractRemoteTestNG.java:114)
at org.testng.remote.RemoteTestNG.initAndRun(RemoteTestNG.java:251)
at org.testng.remote.RemoteTestNG.main(RemoteTestNG.java:77)
]]>
            </full-stacktrace>
          </exception> <!-- java.lang.IndexOutOfBoundsException -->
          <reporter-output>
          </reporter-output>
        </test-method> <!-- testAdd_invalidIndex -->
        <test-method status="PASS" signature="initialize(java.lang.String)[pri:0, instance:Test_6_A_addToFrontB_BA@548a9f61]" name="initialize" is-config="true" duration-ms="1" started-at="2019-10-19T20:09:27Z" finished-at="2019-10-19T20:09:27Z">
          <params>
            <param index="0">
              <value>
                <![CDATA[goodList]]>
              </value>
            </param>
          </params>
          <reporter-output>
          </reporter-output>
        </test-method> <!-- initialize -->
        <test-method status="PASS" signature="testAdd_invalidIndex(int)[pri:0, instance:Test_6_A_addToFrontB_BA@548a9f61]" name="testAdd_invalidIndex" duration-ms="0" started-at="2019-10-19T20:09:27Z" data-provider="invalidAddIndexes" finished-at="2019-10-19T20:09:27Z">
          <params>
            <param index="0">
              <value>
                <![CDATA[3]]>
              </value>
            </param>
          </params>
          <exception class="java.lang.IndexOutOfBoundsException">
            <message>
              <![CDATA[Index: 3, Size: 2]]>
            </message>
            <full-stacktrace>
              <![CDATA[java.lang.IndexOutOfBoundsException: Index: 3, Size: 2
at java.util.LinkedList.checkPositionIndex(Unknown Source)
at java.util.LinkedList.add(Unknown Source)
at GoodList.add(GoodList.java:42)
at TestCase.add(TestCase.java:171)
at Test_6_A_addToFrontB_BA.testAdd_invalidIndex(Test_6_A_addToFrontB_BA.java:271)
at sun.reflect.NativeMethodAccessorImpl.invoke0(Native Method)
at sun.reflect.NativeMethodAccessorImpl.invoke(Unknown Source)
at sun.reflect.DelegatingMethodAccessorImpl.invoke(Unknown Source)
at java.lang.reflect.Method.invoke(Unknown Source)
at org.testng.internal.MethodInvocationHelper.invokeMethod(MethodInvocationHelper.java:124)
at org.testng.internal.Invoker.invokeMethod(Invoker.java:583)
at org.testng.internal.Invoker.invokeTestMethod(Invoker.java:719)
at org.testng.internal.Invoker.invokeTestMethods(Invoker.java:989)
at org.testng.internal.TestMethodWorker.invokeTestMethods(TestMethodWorker.java:125)
at org.testng.internal.TestMethodWorker.run(TestMethodWorker.java:109)
at org.testng.TestRunner.privateRun(TestRunner.java:648)
at org.testng.TestRunner.run(TestRunner.java:505)
at org.testng.SuiteRunner.runTest(SuiteRunner.java:455)
at org.testng.SuiteRunner.runSequentially(SuiteRunner.java:450)
at org.testng.SuiteRunner.privateRun(SuiteRunner.java:415)
at org.testng.SuiteRunner.run(SuiteRunner.java:364)
at org.testng.SuiteRunnerWorker.runSuite(SuiteRunnerWorker.java:52)
at org.testng.SuiteRunnerWorker.run(SuiteRunnerWorker.java:84)
at org.testng.TestNG.runSuitesSequentially(TestNG.java:1208)
at org.testng.TestNG.runSuitesLocally(TestNG.java:1137)
at org.testng.TestNG.runSuites(TestNG.java:1049)
at org.testng.TestNG.run(TestNG.java:1017)
at org.testng.remote.AbstractRemoteTestNG.run(AbstractRemoteTestNG.java:114)
at org.testng.remote.RemoteTestNG.initAndRun(RemoteTestNG.java:251)
at org.testng.remote.RemoteTestNG.main(RemoteTestNG.java:77)
]]>
            </full-stacktrace>
          </exception> <!-- java.lang.IndexOutOfBoundsException -->
          <reporter-output>
          </reporter-output>
        </test-method> <!-- testAdd_invalidIndex -->
        <test-method status="PASS" signature="testAdd_validIndex(int)[pri:0, instance:Test_6_A_addToFrontB_BA@548a9f61]" name="testAdd_validIndex" duration-ms="0" started-at="2019-10-19T20:09:27Z" data-provider="validAddIndexes" finished-at="2019-10-19T20:09:27Z">
          <params>
            <param index="0">
              <value>
                <![CDATA[0]]>
              </value>
            </param>
          </params>
          <reporter-output>
          </reporter-output>
        </test-method> <!-- testAdd_validIndex -->
        <test-method status="PASS" signature="initialize(java.lang.String)[pri:0, instance:Test_6_A_addToFrontB_BA@548a9f61]" name="initialize" is-config="true" duration-ms="0" started-at="2019-10-19T20:09:27Z" finished-at="2019-10-19T20:09:27Z">
          <params>
            <param index="0">
              <value>
                <![CDATA[goodList]]>
              </value>
            </param>
          </params>
          <reporter-output>
          </reporter-output>
        </test-method> <!-- initialize -->
        <test-method status="PASS" signature="testAdd_validIndex(int)[pri:0, instance:Test_6_A_addToFrontB_BA@548a9f61]" name="testAdd_validIndex" duration-ms="0" started-at="2019-10-19T20:09:27Z" data-provider="validAddIndexes" finished-at="2019-10-19T20:09:27Z">
          <params>
            <param index="0">
              <value>
                <![CDATA[2]]>
              </value>
            </param>
          </params>
          <reporter-output>
          </reporter-output>
        </test-method> <!-- testAdd_validIndex -->
        <test-method status="PASS" signature="initialize(java.lang.String)[pri:0, instance:Test_6_A_addToFrontB_BA@548a9f61]" name="initialize" is-config="true" duration-ms="0" started-at="2019-10-19T20:09:27Z" finished-at="2019-10-19T20:09:27Z">
          <params>
            <param index="0">
              <value>
                <![CDATA[goodList]]>
              </value>
            </param>
          </params>
          <reporter-output>
          </reporter-output>
        </test-method> <!-- initialize -->
        <test-method status="PASS" signature="initialize(java.lang.String)[pri:0, instance:Test_6_A_addToFrontB_BA@548a9f61]" name="initialize" is-config="true" duration-ms="0" started-at="2019-10-19T20:09:27Z" finished-at="2019-10-19T20:09:27Z">
          <params>
            <param index="0">
              <value>
                <![CDATA[goodList]]>
              </value>
            </param>
          </params>
          <reporter-output>
          </reporter-output>
        </test-method> <!-- initialize -->
        <test-method status="PASS" signature="testAdd_validIndex(int)[pri:0, instance:Test_6_A_addToFrontB_BA@548a9f61]" name="testAdd_validIndex" duration-ms="0" started-at="2019-10-19T20:09:27Z" data-provider="validAddIndexes" finished-at="2019-10-19T20:09:27Z">
          <params>
            <param index="0">
              <value>
                <![CDATA[1]]>
              </value>
            </param>
          </params>
          <reporter-output>
          </reporter-output>
        </test-method> <!-- testAdd_validIndex -->
        <test-method status="PASS" signature="initialize(java.lang.String)[pri:0, instance:Test_6_A_addToFrontB_BA@548a9f61]" name="initialize" is-config="true" duration-ms="0" started-at="2019-10-19T20:09:27Z" finished-at="2019-10-19T20:09:27Z">
          <params>
            <param index="0">
              <value>
                <![CDATA[goodList]]>
              </value>
            </param>
          </params>
          <reporter-output>
          </reporter-output>
        </test-method> <!-- initialize -->
        <test-method status="PASS" signature="testContains_invalidElement()[pri:0, instance:Test_6_A_addToFrontB_BA@548a9f61]" name="testContains_invalidElement" duration-ms="0" started-at="2019-10-19T20:09:27Z" finished-at="2019-10-19T20:09:27Z">
          <reporter-output>
          </reporter-output>
        </test-method> <!-- testContains_invalidElement -->
        <test-method status="PASS" signature="testContains_validElement(java.lang.Character)[pri:0, instance:Test_6_A_addToFrontB_BA@548a9f61]" name="testContains_validElement" duration-ms="1" started-at="2019-10-19T20:09:27Z" data-provider="validElements" finished-at="2019-10-19T20:09:27Z">
          <params>
            <param index="0">
              <value>
                <![CDATA[B]]>
              </value>
            </param>
          </params>
          <reporter-output>
          </reporter-output>
        </test-method> <!-- testContains_validElement -->
        <test-method status="PASS" signature="initialize(java.lang.String)[pri:0, instance:Test_6_A_addToFrontB_BA@548a9f61]" name="initialize" is-config="true" duration-ms="0" started-at="2019-10-19T20:09:27Z" finished-at="2019-10-19T20:09:27Z">
          <params>
            <param index="0">
              <value>
                <![CDATA[goodList]]>
              </value>
            </param>
          </params>
          <reporter-output>
          </reporter-output>
        </test-method> <!-- initialize -->
        <test-method status="PASS" signature="initialize(java.lang.String)[pri:0, instance:Test_6_A_addToFrontB_BA@548a9f61]" name="initialize" is-config="true" duration-ms="0" started-at="2019-10-19T20:09:27Z" finished-at="2019-10-19T20:09:27Z">
          <params>
            <param index="0">
              <value>
                <![CDATA[goodList]]>
              </value>
            </param>
          </params>
          <reporter-output>
          </reporter-output>
        </test-method> <!-- initialize -->
        <test-method status="PASS" signature="testContains_validElement(java.lang.Character)[pri:0, instance:Test_6_A_addToFrontB_BA@548a9f61]" name="testContains_validElement" duration-ms="1" started-at="2019-10-19T20:09:27Z" data-provider="validElements" finished-at="2019-10-19T20:09:27Z">
          <params>
            <param index="0">
              <value>
                <![CDATA[A]]>
              </value>
            </param>
          </params>
          <reporter-output>
          </reporter-output>
        </test-method> <!-- testContains_validElement -->
        <test-method status="PASS" signature="initialize(java.lang.String)[pri:0, instance:Test_6_A_addToFrontB_BA@548a9f61]" name="initialize" is-config="true" duration-ms="0" started-at="2019-10-19T20:09:27Z" finished-at="2019-10-19T20:09:27Z">
          <params>
            <param index="0">
              <value>
                <![CDATA[goodList]]>
              </value>
            </param>
          </params>
          <reporter-output>
          </reporter-output>
        </test-method> <!-- initialize -->
        <test-method status="PASS" signature="testFirst()[pri:0, instance:Test_6_A_addToFrontB_BA@548a9f61]" name="testFirst" duration-ms="0" started-at="2019-10-19T20:09:27Z" finished-at="2019-10-19T20:09:27Z">
          <reporter-output>
          </reporter-output>
        </test-method> <!-- testFirst -->
        <test-method status="PASS" signature="initialize(java.lang.String)[pri:0, instance:Test_6_A_addToFrontB_BA@548a9f61]" name="initialize" is-config="true" duration-ms="0" started-at="2019-10-19T20:09:27Z" finished-at="2019-10-19T20:09:27Z">
          <params>
            <param index="0">
              <value>
                <![CDATA[goodList]]>
              </value>
            </param>
          </params>
          <reporter-output>
          </reporter-output>
        </test-method> <!-- initialize -->
        <test-method status="PASS" signature="testGet_invalidIndex(int)[pri:0, instance:Test_6_A_addToFrontB_BA@548a9f61]" name="testGet_invalidIndex" duration-ms="5" started-at="2019-10-19T20:09:27Z" data-provider="invalidIndexes" finished-at="2019-10-19T20:09:27Z">
          <params>
            <param index="0">
              <value>
                <![CDATA[-1]]>
              </value>
            </param>
          </params>
          <exception class="java.lang.IndexOutOfBoundsException">
            <message>
              <![CDATA[Index: -1, Size: 2]]>
            </message>
            <full-stacktrace>
              <![CDATA[java.lang.IndexOutOfBoundsException: Index: -1, Size: 2
at java.util.LinkedList.checkElementIndex(Unknown Source)
at java.util.LinkedList.get(Unknown Source)
at GoodList.get(GoodList.java:108)
at TestCase.get(TestCase.java:215)
at Test_6_A_addToFrontB_BA.testGet_invalidIndex(Test_6_A_addToFrontB_BA.java:341)
at sun.reflect.NativeMethodAccessorImpl.invoke0(Native Method)
at sun.reflect.NativeMethodAccessorImpl.invoke(Unknown Source)
at sun.reflect.DelegatingMethodAccessorImpl.invoke(Unknown Source)
at java.lang.reflect.Method.invoke(Unknown Source)
at org.testng.internal.MethodInvocationHelper.invokeMethod(MethodInvocationHelper.java:124)
at org.testng.internal.Invoker.invokeMethod(Invoker.java:583)
at org.testng.internal.Invoker.invokeTestMethod(Invoker.java:719)
at org.testng.internal.Invoker.invokeTestMethods(Invoker.java:989)
at org.testng.internal.TestMethodWorker.invokeTestMethods(TestMethodWorker.java:125)
at org.testng.internal.TestMethodWorker.run(TestMethodWorker.java:109)
at org.testng.TestRunner.privateRun(TestRunner.java:648)
at org.testng.TestRunner.run(TestRunner.java:505)
at org.testng.SuiteRunner.runTest(SuiteRunner.java:455)
at org.testng.SuiteRunner.runSequentially(SuiteRunner.java:450)
at org.testng.SuiteRunner.privateRun(SuiteRunner.java:415)
at org.testng.SuiteRunner.run(SuiteRunner.java:364)
at org.testng.SuiteRunnerWorker.runSuite(SuiteRunnerWorker.java:52)
at org.testng.SuiteRunnerWorker.run(SuiteRunnerWorker.java:84)
at org.testng.TestNG.runSuitesSequentially(TestNG.java:1208)
at org.testng.TestNG.runSuitesLocally(TestNG.java:1137)
at org.testng.TestNG.runSuites(TestNG.java:1049)
at org.testng.TestNG.run(TestNG.java:1017)
at org.testng.remote.AbstractRemoteTestNG.run(AbstractRemoteTestNG.java:114)
at org.testng.remote.RemoteTestNG.initAndRun(RemoteTestNG.java:251)
at org.testng.remote.RemoteTestNG.main(RemoteTestNG.java:77)
]]>
            </full-stacktrace>
          </exception> <!-- java.lang.IndexOutOfBoundsException -->
          <reporter-output>
          </reporter-output>
        </test-method> <!-- testGet_invalidIndex -->
        <test-method status="PASS" signature="initialize(java.lang.String)[pri:0, instance:Test_6_A_addToFrontB_BA@548a9f61]" name="initialize" is-config="true" duration-ms="0" started-at="2019-10-19T20:09:27Z" finished-at="2019-10-19T20:09:27Z">
          <params>
            <param index="0">
              <value>
                <![CDATA[goodList]]>
              </value>
            </param>
          </params>
          <reporter-output>
          </reporter-output>
        </test-method> <!-- initialize -->
        <test-method status="PASS" signature="testGet_invalidIndex(int)[pri:0, instance:Test_6_A_addToFrontB_BA@548a9f61]" name="testGet_invalidIndex" duration-ms="0" started-at="2019-10-19T20:09:27Z" data-provider="invalidIndexes" finished-at="2019-10-19T20:09:27Z">
          <params>
            <param index="0">
              <value>
                <![CDATA[2]]>
              </value>
            </param>
          </params>
          <exception class="java.lang.IndexOutOfBoundsException">
            <message>
              <![CDATA[Index: 2, Size: 2]]>
            </message>
            <full-stacktrace>
              <![CDATA[java.lang.IndexOutOfBoundsException: Index: 2, Size: 2
at java.util.LinkedList.checkElementIndex(Unknown Source)
at java.util.LinkedList.get(Unknown Source)
at GoodList.get(GoodList.java:108)
at TestCase.get(TestCase.java:215)
at Test_6_A_addToFrontB_BA.testGet_invalidIndex(Test_6_A_addToFrontB_BA.java:341)
at sun.reflect.NativeMethodAccessorImpl.invoke0(Native Method)
at sun.reflect.NativeMethodAccessorImpl.invoke(Unknown Source)
at sun.reflect.DelegatingMethodAccessorImpl.invoke(Unknown Source)
at java.lang.reflect.Method.invoke(Unknown Source)
at org.testng.internal.MethodInvocationHelper.invokeMethod(MethodInvocationHelper.java:124)
at org.testng.internal.Invoker.invokeMethod(Invoker.java:583)
at org.testng.internal.Invoker.invokeTestMethod(Invoker.java:719)
at org.testng.internal.Invoker.invokeTestMethods(Invoker.java:989)
at org.testng.internal.TestMethodWorker.invokeTestMethods(TestMethodWorker.java:125)
at org.testng.internal.TestMethodWorker.run(TestMethodWorker.java:109)
at org.testng.TestRunner.privateRun(TestRunner.java:648)
at org.testng.TestRunner.run(TestRunner.java:505)
at org.testng.SuiteRunner.runTest(SuiteRunner.java:455)
at org.testng.SuiteRunner.runSequentially(SuiteRunner.java:450)
at org.testng.SuiteRunner.privateRun(SuiteRunner.java:415)
at org.testng.SuiteRunner.run(SuiteRunner.java:364)
at org.testng.SuiteRunnerWorker.runSuite(SuiteRunnerWorker.java:52)
at org.testng.SuiteRunnerWorker.run(SuiteRunnerWorker.java:84)
at org.testng.TestNG.runSuitesSequentially(TestNG.java:1208)
at org.testng.TestNG.runSuitesLocally(TestNG.java:1137)
at org.testng.TestNG.runSuites(TestNG.java:1049)
at org.testng.TestNG.run(TestNG.java:1017)
at org.testng.remote.AbstractRemoteTestNG.run(AbstractRemoteTestNG.java:114)
at org.testng.remote.RemoteTestNG.initAndRun(RemoteTestNG.java:251)
at org.testng.remote.RemoteTestNG.main(RemoteTestNG.java:77)
]]>
            </full-stacktrace>
          </exception> <!-- java.lang.IndexOutOfBoundsException -->
          <reporter-output>
          </reporter-output>
        </test-method> <!-- testGet_invalidIndex -->
        <test-method status="PASS" signature="initialize(java.lang.String)[pri:0, instance:Test_6_A_addToFrontB_BA@548a9f61]" name="initialize" is-config="true" duration-ms="0" started-at="2019-10-19T20:09:27Z" finished-at="2019-10-19T20:09:27Z">
          <params>
            <param index="0">
              <value>
                <![CDATA[goodList]]>
              </value>
            </param>
          </params>
          <reporter-output>
          </reporter-output>
        </test-method> <!-- initialize -->
        <test-method status="PASS" signature="testGet_validIndex(int, java.lang.Character)[pri:0, instance:Test_6_A_addToFrontB_BA@548a9f61]" name="testGet_validIndex" duration-ms="0" started-at="2019-10-19T20:09:27Z" data-provider="indexedValidElements" finished-at="2019-10-19T20:09:27Z">
          <params>
            <param index="0">
              <value>
                <![CDATA[0]]>
              </value>
            </param>
            <param index="1">
              <value>
                <![CDATA[B]]>
              </value>
            </param>
          </params>
          <reporter-output>
          </reporter-output>
        </test-method> <!-- testGet_validIndex -->
        <test-method status="PASS" signature="testIndexOf_invalidElement()[pri:0, instance:Test_6_A_addToFrontB_BA@548a9f61]" name="testIndexOf_invalidElement" duration-ms="0" started-at="2019-10-19T20:09:27Z" finished-at="2019-10-19T20:09:27Z">
          <reporter-output>
          </reporter-output>
        </test-method> <!-- testIndexOf_invalidElement -->
        <test-method status="PASS" signature="initialize(java.lang.String)[pri:0, instance:Test_6_A_addToFrontB_BA@548a9f61]" name="initialize" is-config="true" duration-ms="0" started-at="2019-10-19T20:09:27Z" finished-at="2019-10-19T20:09:27Z">
          <params>
            <param index="0">
              <value>
                <![CDATA[goodList]]>
              </value>
            </param>
          </params>
          <reporter-output>
          </reporter-output>
        </test-method> <!-- initialize -->
        <test-method status="PASS" signature="testGet_validIndex(int, java.lang.Character)[pri:0, instance:Test_6_A_addToFrontB_BA@548a9f61]" name="testGet_validIndex" duration-ms="0" started-at="2019-10-19T20:09:27Z" data-provider="indexedValidElements" finished-at="2019-10-19T20:09:27Z">
          <params>
            <param index="0">
              <value>
                <![CDATA[1]]>
              </value>
            </param>
            <param index="1">
              <value>
                <![CDATA[A]]>
              </value>
            </param>
          </params>
          <reporter-output>
          </reporter-output>
        </test-method> <!-- testGet_validIndex -->
        <test-method status="PASS" signature="initialize(java.lang.String)[pri:0, instance:Test_6_A_addToFrontB_BA@548a9f61]" name="initialize" is-config="true" duration-ms="0" started-at="2019-10-19T20:09:27Z" finished-at="2019-10-19T20:09:27Z">
          <params>
            <param index="0">
              <value>
                <![CDATA[goodList]]>
              </value>
            </param>
          </params>
          <reporter-output>
          </reporter-output>
        </test-method> <!-- initialize -->
        <test-method status="PASS" signature="testIndexOf_validElement(int, java.lang.Character)[pri:0, instance:Test_6_A_addToFrontB_BA@548a9f61]" name="testIndexOf_validElement" duration-ms="11" started-at="2019-10-19T20:09:27Z" data-provider="indexedValidElements" finished-at="2019-10-19T20:09:27Z">
          <params>
            <param index="0">
              <value>
                <![CDATA[0]]>
              </value>
            </param>
            <param index="1">
              <value>
                <![CDATA[B]]>
              </value>
            </param>
          </params>
          <reporter-output>
          </reporter-output>
        </test-method> <!-- testIndexOf_validElement -->
        <test-method status="PASS" signature="initialize(java.lang.String)[pri:0, instance:Test_6_A_addToFrontB_BA@548a9f61]" name="initialize" is-config="true" duration-ms="0" started-at="2019-10-19T20:09:27Z" finished-at="2019-10-19T20:09:27Z">
          <params>
            <param index="0">
              <value>
                <![CDATA[goodList]]>
              </value>
            </param>
          </params>
          <reporter-output>
          </reporter-output>
        </test-method> <!-- initialize -->
        <test-method status="PASS" signature="testIndexOf_validElement(int, java.lang.Character)[pri:0, instance:Test_6_A_addToFrontB_BA@548a9f61]" name="testIndexOf_validElement" duration-ms="1" started-at="2019-10-19T20:09:27Z" data-provider="indexedValidElements" finished-at="2019-10-19T20:09:27Z">
          <params>
            <param index="0">
              <value>
                <![CDATA[1]]>
              </value>
            </param>
            <param index="1">
              <value>
                <![CDATA[A]]>
              </value>
            </param>
          </params>
          <reporter-output>
          </reporter-output>
        </test-method> <!-- testIndexOf_validElement -->
        <test-method status="PASS" signature="initialize(java.lang.String)[pri:0, instance:Test_6_A_addToFrontB_BA@548a9f61]" name="initialize" is-config="true" duration-ms="0" started-at="2019-10-19T20:09:27Z" finished-at="2019-10-19T20:09:27Z">
          <params>
            <param index="0">
              <value>
                <![CDATA[goodList]]>
              </value>
            </param>
          </params>
          <reporter-output>
          </reporter-output>
        </test-method> <!-- initialize -->
        <test-method status="PASS" signature="initialize(java.lang.String)[pri:0, instance:Test_6_A_addToFrontB_BA@548a9f61]" name="initialize" is-config="true" duration-ms="0" started-at="2019-10-19T20:09:27Z" finished-at="2019-10-19T20:09:27Z">
          <params>
            <param index="0">
              <value>
                <![CDATA[goodList]]>
              </value>
            </param>
          </params>
          <reporter-output>
          </reporter-output>
        </test-method> <!-- initialize -->
        <test-method status="PASS" signature="testIsEmpty()[pri:0, instance:Test_6_A_addToFrontB_BA@548a9f61]" name="testIsEmpty" duration-ms="0" started-at="2019-10-19T20:09:27Z" finished-at="2019-10-19T20:09:27Z">
          <reporter-output>
          </reporter-output>
        </test-method> <!-- testIsEmpty -->
        <test-method status="PASS" signature="initialize(java.lang.String)[pri:0, instance:Test_6_A_addToFrontB_BA@548a9f61]" name="initialize" is-config="true" duration-ms="0" started-at="2019-10-19T20:09:27Z" finished-at="2019-10-19T20:09:27Z">
          <params>
            <param index="0">
              <value>
                <![CDATA[goodList]]>
              </value>
            </param>
          </params>
          <reporter-output>
          </reporter-output>
        </test-method> <!-- initialize -->
        <test-method status="PASS" signature="testIterator()[pri:0, instance:Test_6_A_addToFrontB_BA@548a9f61]" name="testIterator" duration-ms="2" started-at="2019-10-19T20:09:27Z" finished-at="2019-10-19T20:09:27Z">
          <reporter-output>
          </reporter-output>
        </test-method> <!-- testIterator -->
        <test-method status="PASS" signature="initialize(java.lang.String)[pri:0, instance:Test_6_A_addToFrontB_BA@548a9f61]" name="initialize" is-config="true" duration-ms="0" started-at="2019-10-19T20:09:27Z" finished-at="2019-10-19T20:09:27Z">
          <params>
            <param index="0">
              <value>
                <![CDATA[goodList]]>
              </value>
            </param>
          </params>
          <reporter-output>
          </reporter-output>
        </test-method> <!-- initialize -->
        <test-method status="PASS" signature="testLast()[pri:0, instance:Test_6_A_addToFrontB_BA@548a9f61]" name="testLast" duration-ms="0" started-at="2019-10-19T20:09:27Z" finished-at="2019-10-19T20:09:27Z">
          <reporter-output>
          </reporter-output>
        </test-method> <!-- testLast -->
        <test-method status="PASS" signature="initialize(java.lang.String)[pri:0, instance:Test_6_A_addToFrontB_BA@548a9f61]" name="initialize" is-config="true" duration-ms="0" started-at="2019-10-19T20:09:27Z" finished-at="2019-10-19T20:09:27Z">
          <params>
            <param index="0">
              <value>
                <![CDATA[goodList]]>
              </value>
            </param>
          </params>
          <reporter-output>
          </reporter-output>
        </test-method> <!-- initialize -->
        <test-method status="PASS" signature="testListIterator()[pri:0, instance:Test_6_A_addToFrontB_BA@548a9f61]" name="testListIterator" duration-ms="1" started-at="2019-10-19T20:09:27Z" finished-at="2019-10-19T20:09:27Z">
          <exception class="java.lang.UnsupportedOperationException">
            <full-stacktrace>
              <![CDATA[java.lang.UnsupportedOperationException
at GoodList.listIterator(GoodList.java:123)
at TestCase.listIterator(TestCase.java:311)
at Test_6_A_addToFrontB_BA.testListIterator(Test_6_A_addToFrontB_BA.java:191)
at sun.reflect.NativeMethodAccessorImpl.invoke0(Native Method)
at sun.reflect.NativeMethodAccessorImpl.invoke(Unknown Source)
at sun.reflect.DelegatingMethodAccessorImpl.invoke(Unknown Source)
at java.lang.reflect.Method.invoke(Unknown Source)
at org.testng.internal.MethodInvocationHelper.invokeMethod(MethodInvocationHelper.java:124)
at org.testng.internal.Invoker.invokeMethod(Invoker.java:583)
at org.testng.internal.Invoker.invokeTestMethod(Invoker.java:719)
at org.testng.internal.Invoker.invokeTestMethods(Invoker.java:989)
at org.testng.internal.TestMethodWorker.invokeTestMethods(TestMethodWorker.java:125)
at org.testng.internal.TestMethodWorker.run(TestMethodWorker.java:109)
at org.testng.TestRunner.privateRun(TestRunner.java:648)
at org.testng.TestRunner.run(TestRunner.java:505)
at org.testng.SuiteRunner.runTest(SuiteRunner.java:455)
at org.testng.SuiteRunner.runSequentially(SuiteRunner.java:450)
at org.testng.SuiteRunner.privateRun(SuiteRunner.java:415)
at org.testng.SuiteRunner.run(SuiteRunner.java:364)
at org.testng.SuiteRunnerWorker.runSuite(SuiteRunnerWorker.java:52)
at org.testng.SuiteRunnerWorker.run(SuiteRunnerWorker.java:84)
at org.testng.TestNG.runSuitesSequentially(TestNG.java:1208)
at org.testng.TestNG.runSuitesLocally(TestNG.java:1137)
at org.testng.TestNG.runSuites(TestNG.java:1049)
at org.testng.TestNG.run(TestNG.java:1017)
at org.testng.remote.AbstractRemoteTestNG.run(AbstractRemoteTestNG.java:114)
at org.testng.remote.RemoteTestNG.initAndRun(RemoteTestNG.java:251)
at org.testng.remote.RemoteTestNG.main(RemoteTestNG.java:77)
]]>
            </full-stacktrace>
          </exception> <!-- java.lang.UnsupportedOperationException -->
          <reporter-output>
          </reporter-output>
        </test-method> <!-- testListIterator -->
        <test-method status="PASS" signature="initialize(java.lang.String)[pri:0, instance:Test_6_A_addToFrontB_BA@548a9f61]" name="initialize" is-config="true" duration-ms="1" started-at="2019-10-19T20:09:27Z" finished-at="2019-10-19T20:09:27Z">
          <params>
            <param index="0">
              <value>
                <![CDATA[goodList]]>
              </value>
            </param>
          </params>
          <reporter-output>
          </reporter-output>
        </test-method> <!-- initialize -->
        <test-method status="PASS" signature="testListIterator_invalidIndex(int)[pri:0, instance:Test_6_A_addToFrontB_BA@548a9f61]" name="testListIterator_invalidIndex" duration-ms="0" started-at="2019-10-19T20:09:27Z" data-provider="invalidAddIndexes" finished-at="2019-10-19T20:09:27Z">
          <params>
            <param index="0">
              <value>
                <![CDATA[-1]]>
              </value>
            </param>
          </params>
          <exception class="java.lang.UnsupportedOperationException">
            <full-stacktrace>
              <![CDATA[java.lang.UnsupportedOperationException
at GoodList.listIterator(GoodList.java:128)
at TestCase.listIterator(TestCase.java:321)
at Test_6_A_addToFrontB_BA.testListIterator_invalidIndex(Test_6_A_addToFrontB_BA.java:201)
at sun.reflect.NativeMethodAccessorImpl.invoke0(Native Method)
at sun.reflect.NativeMethodAccessorImpl.invoke(Unknown Source)
at sun.reflect.DelegatingMethodAccessorImpl.invoke(Unknown Source)
at java.lang.reflect.Method.invoke(Unknown Source)
at org.testng.internal.MethodInvocationHelper.invokeMethod(MethodInvocationHelper.java:124)
at org.testng.internal.Invoker.invokeMethod(Invoker.java:583)
at org.testng.internal.Invoker.invokeTestMethod(Invoker.java:719)
at org.testng.internal.Invoker.invokeTestMethods(Invoker.java:989)
at org.testng.internal.TestMethodWorker.invokeTestMethods(TestMethodWorker.java:125)
at org.testng.internal.TestMethodWorker.run(TestMethodWorker.java:109)
at org.testng.TestRunner.privateRun(TestRunner.java:648)
at org.testng.TestRunner.run(TestRunner.java:505)
at org.testng.SuiteRunner.runTest(SuiteRunner.java:455)
at org.testng.SuiteRunner.runSequentially(SuiteRunner.java:450)
at org.testng.SuiteRunner.privateRun(SuiteRunner.java:415)
at org.testng.SuiteRunner.run(SuiteRunner.java:364)
at org.testng.SuiteRunnerWorker.runSuite(SuiteRunnerWorker.java:52)
at org.testng.SuiteRunnerWorker.run(SuiteRunnerWorker.java:84)
at org.testng.TestNG.runSuitesSequentially(TestNG.java:1208)
at org.testng.TestNG.runSuitesLocally(TestNG.java:1137)
at org.testng.TestNG.runSuites(TestNG.java:1049)
at org.testng.TestNG.run(TestNG.java:1017)
at org.testng.remote.AbstractRemoteTestNG.run(AbstractRemoteTestNG.java:114)
at org.testng.remote.RemoteTestNG.initAndRun(RemoteTestNG.java:251)
at org.testng.remote.RemoteTestNG.main(RemoteTestNG.java:77)
]]>
            </full-stacktrace>
          </exception> <!-- java.lang.UnsupportedOperationException -->
          <reporter-output>
          </reporter-output>
        </test-method> <!-- testListIterator_invalidIndex -->
        <test-method status="PASS" signature="initialize(java.lang.String)[pri:0, instance:Test_6_A_addToFrontB_BA@548a9f61]" name="initialize" is-config="true" duration-ms="0" started-at="2019-10-19T20:09:27Z" finished-at="2019-10-19T20:09:27Z">
          <params>
            <param index="0">
              <value>
                <![CDATA[goodList]]>
              </value>
            </param>
          </params>
          <reporter-output>
          </reporter-output>
        </test-method> <!-- initialize -->
        <test-method status="PASS" signature="testListIterator_invalidIndex(int)[pri:0, instance:Test_6_A_addToFrontB_BA@548a9f61]" name="testListIterator_invalidIndex" duration-ms="0" started-at="2019-10-19T20:09:27Z" data-provider="invalidAddIndexes" finished-at="2019-10-19T20:09:27Z">
          <params>
            <param index="0">
              <value>
                <![CDATA[3]]>
              </value>
            </param>
          </params>
          <exception class="java.lang.UnsupportedOperationException">
            <full-stacktrace>
              <![CDATA[java.lang.UnsupportedOperationException
at GoodList.listIterator(GoodList.java:128)
at TestCase.listIterator(TestCase.java:321)
at Test_6_A_addToFrontB_BA.testListIterator_invalidIndex(Test_6_A_addToFrontB_BA.java:201)
at sun.reflect.NativeMethodAccessorImpl.invoke0(Native Method)
at sun.reflect.NativeMethodAccessorImpl.invoke(Unknown Source)
at sun.reflect.DelegatingMethodAccessorImpl.invoke(Unknown Source)
at java.lang.reflect.Method.invoke(Unknown Source)
at org.testng.internal.MethodInvocationHelper.invokeMethod(MethodInvocationHelper.java:124)
at org.testng.internal.Invoker.invokeMethod(Invoker.java:583)
at org.testng.internal.Invoker.invokeTestMethod(Invoker.java:719)
at org.testng.internal.Invoker.invokeTestMethods(Invoker.java:989)
at org.testng.internal.TestMethodWorker.invokeTestMethods(TestMethodWorker.java:125)
at org.testng.internal.TestMethodWorker.run(TestMethodWorker.java:109)
at org.testng.TestRunner.privateRun(TestRunner.java:648)
at org.testng.TestRunner.run(TestRunner.java:505)
at org.testng.SuiteRunner.runTest(SuiteRunner.java:455)
at org.testng.SuiteRunner.runSequentially(SuiteRunner.java:450)
at org.testng.SuiteRunner.privateRun(SuiteRunner.java:415)
at org.testng.SuiteRunner.run(SuiteRunner.java:364)
at org.testng.SuiteRunnerWorker.runSuite(SuiteRunnerWorker.java:52)
at org.testng.SuiteRunnerWorker.run(SuiteRunnerWorker.java:84)
at org.testng.TestNG.runSuitesSequentially(TestNG.java:1208)
at org.testng.TestNG.runSuitesLocally(TestNG.java:1137)
at org.testng.TestNG.runSuites(TestNG.java:1049)
at org.testng.TestNG.run(TestNG.java:1017)
at org.testng.remote.AbstractRemoteTestNG.run(AbstractRemoteTestNG.java:114)
at org.testng.remote.RemoteTestNG.initAndRun(RemoteTestNG.java:251)
at org.testng.remote.RemoteTestNG.main(RemoteTestNG.java:77)
]]>
            </full-stacktrace>
          </exception> <!-- java.lang.UnsupportedOperationException -->
          <reporter-output>
          </reporter-output>
        </test-method> <!-- testListIterator_invalidIndex -->
        <test-method status="PASS" signature="initialize(java.lang.String)[pri:0, instance:Test_6_A_addToFrontB_BA@548a9f61]" name="initialize" is-config="true" duration-ms="0" started-at="2019-10-19T20:09:27Z" finished-at="2019-10-19T20:09:27Z">
          <params>
            <param index="0">
              <value>
                <![CDATA[goodList]]>
              </value>
            </param>
          </params>
          <reporter-output>
          </reporter-output>
        </test-method> <!-- initialize -->
        <test-method status="PASS" signature="testListIterator_validIndex(int)[pri:0, instance:Test_6_A_addToFrontB_BA@548a9f61]" name="testListIterator_validIndex" duration-ms="0" started-at="2019-10-19T20:09:27Z" data-provider="validAddIndexes" finished-at="2019-10-19T20:09:27Z">
          <params>
            <param index="0">
              <value>
                <![CDATA[0]]>
              </value>
            </param>
          </params>
          <exception class="java.lang.UnsupportedOperationException">
            <full-stacktrace>
              <![CDATA[java.lang.UnsupportedOperationException
at GoodList.listIterator(GoodList.java:128)
at TestCase.listIterator(TestCase.java:321)
at Test_6_A_addToFrontB_BA.testListIterator_validIndex(Test_6_A_addToFrontB_BA.java:211)
at sun.reflect.NativeMethodAccessorImpl.invoke0(Native Method)
at sun.reflect.NativeMethodAccessorImpl.invoke(Unknown Source)
at sun.reflect.DelegatingMethodAccessorImpl.invoke(Unknown Source)
at java.lang.reflect.Method.invoke(Unknown Source)
at org.testng.internal.MethodInvocationHelper.invokeMethod(MethodInvocationHelper.java:124)
at org.testng.internal.Invoker.invokeMethod(Invoker.java:583)
at org.testng.internal.Invoker.invokeTestMethod(Invoker.java:719)
at org.testng.internal.Invoker.invokeTestMethods(Invoker.java:989)
at org.testng.internal.TestMethodWorker.invokeTestMethods(TestMethodWorker.java:125)
at org.testng.internal.TestMethodWorker.run(TestMethodWorker.java:109)
at org.testng.TestRunner.privateRun(TestRunner.java:648)
at org.testng.TestRunner.run(TestRunner.java:505)
at org.testng.SuiteRunner.runTest(SuiteRunner.java:455)
at org.testng.SuiteRunner.runSequentially(SuiteRunner.java:450)
at org.testng.SuiteRunner.privateRun(SuiteRunner.java:415)
at org.testng.SuiteRunner.run(SuiteRunner.java:364)
at org.testng.SuiteRunnerWorker.runSuite(SuiteRunnerWorker.java:52)
at org.testng.SuiteRunnerWorker.run(SuiteRunnerWorker.java:84)
at org.testng.TestNG.runSuitesSequentially(TestNG.java:1208)
at org.testng.TestNG.runSuitesLocally(TestNG.java:1137)
at org.testng.TestNG.runSuites(TestNG.java:1049)
at org.testng.TestNG.run(TestNG.java:1017)
at org.testng.remote.AbstractRemoteTestNG.run(AbstractRemoteTestNG.java:114)
at org.testng.remote.RemoteTestNG.initAndRun(RemoteTestNG.java:251)
at org.testng.remote.RemoteTestNG.main(RemoteTestNG.java:77)
]]>
            </full-stacktrace>
          </exception> <!-- java.lang.UnsupportedOperationException -->
          <reporter-output>
          </reporter-output>
        </test-method> <!-- testListIterator_validIndex -->
        <test-method status="PASS" signature="initialize(java.lang.String)[pri:0, instance:Test_6_A_addToFrontB_BA@548a9f61]" name="initialize" is-config="true" duration-ms="1" started-at="2019-10-19T20:09:27Z" finished-at="2019-10-19T20:09:27Z">
          <params>
            <param index="0">
              <value>
                <![CDATA[goodList]]>
              </value>
            </param>
          </params>
          <reporter-output>
          </reporter-output>
        </test-method> <!-- initialize -->
        <test-method status="PASS" signature="testListIterator_validIndex(int)[pri:0, instance:Test_6_A_addToFrontB_BA@548a9f61]" name="testListIterator_validIndex" duration-ms="2" started-at="2019-10-19T20:09:27Z" data-provider="validAddIndexes" finished-at="2019-10-19T20:09:27Z">
          <params>
            <param index="0">
              <value>
                <![CDATA[2]]>
              </value>
            </param>
          </params>
          <exception class="java.lang.UnsupportedOperationException">
            <full-stacktrace>
              <![CDATA[java.lang.UnsupportedOperationException
at GoodList.listIterator(GoodList.java:128)
at TestCase.listIterator(TestCase.java:321)
at Test_6_A_addToFrontB_BA.testListIterator_validIndex(Test_6_A_addToFrontB_BA.java:211)
at sun.reflect.NativeMethodAccessorImpl.invoke0(Native Method)
at sun.reflect.NativeMethodAccessorImpl.invoke(Unknown Source)
at sun.reflect.DelegatingMethodAccessorImpl.invoke(Unknown Source)
at java.lang.reflect.Method.invoke(Unknown Source)
at org.testng.internal.MethodInvocationHelper.invokeMethod(MethodInvocationHelper.java:124)
at org.testng.internal.Invoker.invokeMethod(Invoker.java:583)
at org.testng.internal.Invoker.invokeTestMethod(Invoker.java:719)
at org.testng.internal.Invoker.invokeTestMethods(Invoker.java:989)
at org.testng.internal.TestMethodWorker.invokeTestMethods(TestMethodWorker.java:125)
at org.testng.internal.TestMethodWorker.run(TestMethodWorker.java:109)
at org.testng.TestRunner.privateRun(TestRunner.java:648)
at org.testng.TestRunner.run(TestRunner.java:505)
at org.testng.SuiteRunner.runTest(SuiteRunner.java:455)
at org.testng.SuiteRunner.runSequentially(SuiteRunner.java:450)
at org.testng.SuiteRunner.privateRun(SuiteRunner.java:415)
at org.testng.SuiteRunner.run(SuiteRunner.java:364)
at org.testng.SuiteRunnerWorker.runSuite(SuiteRunnerWorker.java:52)
at org.testng.SuiteRunnerWorker.run(SuiteRunnerWorker.java:84)
at org.testng.TestNG.runSuitesSequentially(TestNG.java:1208)
at org.testng.TestNG.runSuitesLocally(TestNG.java:1137)
at org.testng.TestNG.runSuites(TestNG.java:1049)
at org.testng.TestNG.run(TestNG.java:1017)
at org.testng.remote.AbstractRemoteTestNG.run(AbstractRemoteTestNG.java:114)
at org.testng.remote.RemoteTestNG.initAndRun(RemoteTestNG.java:251)
at org.testng.remote.RemoteTestNG.main(RemoteTestNG.java:77)
]]>
            </full-stacktrace>
          </exception> <!-- java.lang.UnsupportedOperationException -->
          <reporter-output>
          </reporter-output>
        </test-method> <!-- testListIterator_validIndex -->
        <test-method status="PASS" signature="testListIterator_validIndex(int)[pri:0, instance:Test_6_A_addToFrontB_BA@548a9f61]" name="testListIterator_validIndex" duration-ms="0" started-at="2019-10-19T20:09:27Z" data-provider="validAddIndexes" finished-at="2019-10-19T20:09:27Z">
          <params>
            <param index="0">
              <value>
                <![CDATA[1]]>
              </value>
            </param>
          </params>
          <exception class="java.lang.UnsupportedOperationException">
            <full-stacktrace>
              <![CDATA[java.lang.UnsupportedOperationException
at GoodList.listIterator(GoodList.java:128)
at TestCase.listIterator(TestCase.java:321)
at Test_6_A_addToFrontB_BA.testListIterator_validIndex(Test_6_A_addToFrontB_BA.java:211)
at sun.reflect.NativeMethodAccessorImpl.invoke0(Native Method)
at sun.reflect.NativeMethodAccessorImpl.invoke(Unknown Source)
at sun.reflect.DelegatingMethodAccessorImpl.invoke(Unknown Source)
at java.lang.reflect.Method.invoke(Unknown Source)
at org.testng.internal.MethodInvocationHelper.invokeMethod(MethodInvocationHelper.java:124)
at org.testng.internal.Invoker.invokeMethod(Invoker.java:583)
at org.testng.internal.Invoker.invokeTestMethod(Invoker.java:719)
at org.testng.internal.Invoker.invokeTestMethods(Invoker.java:989)
at org.testng.internal.TestMethodWorker.invokeTestMethods(TestMethodWorker.java:125)
at org.testng.internal.TestMethodWorker.run(TestMethodWorker.java:109)
at org.testng.TestRunner.privateRun(TestRunner.java:648)
at org.testng.TestRunner.run(TestRunner.java:505)
at org.testng.SuiteRunner.runTest(SuiteRunner.java:455)
at org.testng.SuiteRunner.runSequentially(SuiteRunner.java:450)
at org.testng.SuiteRunner.privateRun(SuiteRunner.java:415)
at org.testng.SuiteRunner.run(SuiteRunner.java:364)
at org.testng.SuiteRunnerWorker.runSuite(SuiteRunnerWorker.java:52)
at org.testng.SuiteRunnerWorker.run(SuiteRunnerWorker.java:84)
at org.testng.TestNG.runSuitesSequentially(TestNG.java:1208)
at org.testng.TestNG.runSuitesLocally(TestNG.java:1137)
at org.testng.TestNG.runSuites(TestNG.java:1049)
at org.testng.TestNG.run(TestNG.java:1017)
at org.testng.remote.AbstractRemoteTestNG.run(AbstractRemoteTestNG.java:114)
at org.testng.remote.RemoteTestNG.initAndRun(RemoteTestNG.java:251)
at org.testng.remote.RemoteTestNG.main(RemoteTestNG.java:77)
]]>
            </full-stacktrace>
          </exception> <!-- java.lang.UnsupportedOperationException -->
          <reporter-output>
          </reporter-output>
        </test-method> <!-- testListIterator_validIndex -->
        <test-method status="PASS" signature="initialize(java.lang.String)[pri:0, instance:Test_6_A_addToFrontB_BA@548a9f61]" name="initialize" is-config="true" duration-ms="0" started-at="2019-10-19T20:09:27Z" finished-at="2019-10-19T20:09:27Z">
          <params>
            <param index="0">
              <value>
                <![CDATA[goodList]]>
              </value>
            </param>
          </params>
          <reporter-output>
          </reporter-output>
        </test-method> <!-- initialize -->
        <test-method status="PASS" signature="testRemoveFirst()[pri:0, instance:Test_6_A_addToFrontB_BA@548a9f61]" name="testRemoveFirst" duration-ms="1" started-at="2019-10-19T20:09:27Z" finished-at="2019-10-19T20:09:27Z">
          <reporter-output>
          </reporter-output>
        </test-method> <!-- testRemoveFirst -->
        <test-method status="PASS" signature="initialize(java.lang.String)[pri:0, instance:Test_6_A_addToFrontB_BA@548a9f61]" name="initialize" is-config="true" duration-ms="0" started-at="2019-10-19T20:09:27Z" finished-at="2019-10-19T20:09:27Z">
          <params>
            <param index="0">
              <value>
                <![CDATA[goodList]]>
              </value>
            </param>
          </params>
          <reporter-output>
          </reporter-output>
        </test-method> <!-- initialize -->
        <test-method status="PASS" signature="initialize(java.lang.String)[pri:0, instance:Test_6_A_addToFrontB_BA@548a9f61]" name="initialize" is-config="true" duration-ms="1" started-at="2019-10-19T20:09:27Z" finished-at="2019-10-19T20:09:27Z">
          <params>
            <param index="0">
              <value>
                <![CDATA[goodList]]>
              </value>
            </param>
          </params>
          <reporter-output>
          </reporter-output>
        </test-method> <!-- initialize -->
        <test-method status="PASS" signature="testRemoveLast()[pri:0, instance:Test_6_A_addToFrontB_BA@548a9f61]" name="testRemoveLast" duration-ms="0" started-at="2019-10-19T20:09:27Z" finished-at="2019-10-19T20:09:27Z">
          <reporter-output>
          </reporter-output>
        </test-method> <!-- testRemoveLast -->
        <test-method status="PASS" signature="initialize(java.lang.String)[pri:0, instance:Test_6_A_addToFrontB_BA@548a9f61]" name="initialize" is-config="true" duration-ms="1" started-at="2019-10-19T20:09:27Z" finished-at="2019-10-19T20:09:27Z">
          <params>
            <param index="0">
              <value>
                <![CDATA[goodList]]>
              </value>
            </param>
          </params>
          <reporter-output>
          </reporter-output>
        </test-method> <!-- initialize -->
        <test-method status="PASS" signature="testRemove_invalidElement()[pri:0, instance:Test_6_A_addToFrontB_BA@548a9f61]" name="testRemove_invalidElement" duration-ms="0" started-at="2019-10-19T20:09:27Z" finished-at="2019-10-19T20:09:27Z">
          <exception class="java.util.NoSuchElementException">
            <full-stacktrace>
              <![CDATA[java.util.NoSuchElementException
at GoodList.remove(GoodList.java:64)
at TestCase.remove(TestCase.java:91)
at Test_6_A_addToFrontB_BA.testRemove_invalidElement(Test_6_A_addToFrontB_BA.java:100)
at sun.reflect.NativeMethodAccessorImpl.invoke0(Native Method)
at sun.reflect.NativeMethodAccessorImpl.invoke(Unknown Source)
at sun.reflect.DelegatingMethodAccessorImpl.invoke(Unknown Source)
at java.lang.reflect.Method.invoke(Unknown Source)
at org.testng.internal.MethodInvocationHelper.invokeMethod(MethodInvocationHelper.java:124)
at org.testng.internal.Invoker.invokeMethod(Invoker.java:583)
at org.testng.internal.Invoker.invokeTestMethod(Invoker.java:719)
at org.testng.internal.Invoker.invokeTestMethods(Invoker.java:989)
at org.testng.internal.TestMethodWorker.invokeTestMethods(TestMethodWorker.java:125)
at org.testng.internal.TestMethodWorker.run(TestMethodWorker.java:109)
at org.testng.TestRunner.privateRun(TestRunner.java:648)
at org.testng.TestRunner.run(TestRunner.java:505)
at org.testng.SuiteRunner.runTest(SuiteRunner.java:455)
at org.testng.SuiteRunner.runSequentially(SuiteRunner.java:450)
at org.testng.SuiteRunner.privateRun(SuiteRunner.java:415)
at org.testng.SuiteRunner.run(SuiteRunner.java:364)
at org.testng.SuiteRunnerWorker.runSuite(SuiteRunnerWorker.java:52)
at org.testng.SuiteRunnerWorker.run(SuiteRunnerWorker.java:84)
at org.testng.TestNG.runSuitesSequentially(TestNG.java:1208)
at org.testng.TestNG.runSuitesLocally(TestNG.java:1137)
at org.testng.TestNG.runSuites(TestNG.java:1049)
at org.testng.TestNG.run(TestNG.java:1017)
at org.testng.remote.AbstractRemoteTestNG.run(AbstractRemoteTestNG.java:114)
at org.testng.remote.RemoteTestNG.initAndRun(RemoteTestNG.java:251)
at org.testng.remote.RemoteTestNG.main(RemoteTestNG.java:77)
]]>
            </full-stacktrace>
          </exception> <!-- java.util.NoSuchElementException -->
          <reporter-output>
          </reporter-output>
        </test-method> <!-- testRemove_invalidElement -->
        <test-method status="PASS" signature="testRemove_invalidIndex(int)[pri:0, instance:Test_6_A_addToFrontB_BA@548a9f61]" name="testRemove_invalidIndex" duration-ms="0" started-at="2019-10-19T20:09:27Z" data-provider="invalidIndexes" finished-at="2019-10-19T20:09:27Z">
          <params>
            <param index="0">
              <value>
                <![CDATA[-1]]>
              </value>
            </param>
          </params>
          <exception class="java.lang.IndexOutOfBoundsException">
            <message>
              <![CDATA[Index: -1, Size: 2]]>
            </message>
            <full-stacktrace>
              <![CDATA[java.lang.IndexOutOfBoundsException: Index: -1, Size: 2
at java.util.LinkedList.checkElementIndex(Unknown Source)
at java.util.LinkedList.remove(Unknown Source)
at GoodList.remove(GoodList.java:73)
at TestCase.remove(TestCase.java:182)
at Test_6_A_addToFrontB_BA.testRemove_invalidIndex(Test_6_A_addToFrontB_BA.java:291)
at sun.reflect.NativeMethodAccessorImpl.invoke0(Native Method)
at sun.reflect.NativeMethodAccessorImpl.invoke(Unknown Source)
at sun.reflect.DelegatingMethodAccessorImpl.invoke(Unknown Source)
at java.lang.reflect.Method.invoke(Unknown Source)
at org.testng.internal.MethodInvocationHelper.invokeMethod(MethodInvocationHelper.java:124)
at org.testng.internal.Invoker.invokeMethod(Invoker.java:583)
at org.testng.internal.Invoker.invokeTestMethod(Invoker.java:719)
at org.testng.internal.Invoker.invokeTestMethods(Invoker.java:989)
at org.testng.internal.TestMethodWorker.invokeTestMethods(TestMethodWorker.java:125)
at org.testng.internal.TestMethodWorker.run(TestMethodWorker.java:109)
at org.testng.TestRunner.privateRun(TestRunner.java:648)
at org.testng.TestRunner.run(TestRunner.java:505)
at org.testng.SuiteRunner.runTest(SuiteRunner.java:455)
at org.testng.SuiteRunner.runSequentially(SuiteRunner.java:450)
at org.testng.SuiteRunner.privateRun(SuiteRunner.java:415)
at org.testng.SuiteRunner.run(SuiteRunner.java:364)
at org.testng.SuiteRunnerWorker.runSuite(SuiteRunnerWorker.java:52)
at org.testng.SuiteRunnerWorker.run(SuiteRunnerWorker.java:84)
at org.testng.TestNG.runSuitesSequentially(TestNG.java:1208)
at org.testng.TestNG.runSuitesLocally(TestNG.java:1137)
at org.testng.TestNG.runSuites(TestNG.java:1049)
at org.testng.TestNG.run(TestNG.java:1017)
at org.testng.remote.AbstractRemoteTestNG.run(AbstractRemoteTestNG.java:114)
at org.testng.remote.RemoteTestNG.initAndRun(RemoteTestNG.java:251)
at org.testng.remote.RemoteTestNG.main(RemoteTestNG.java:77)
]]>
            </full-stacktrace>
          </exception> <!-- java.lang.IndexOutOfBoundsException -->
          <reporter-output>
          </reporter-output>
        </test-method> <!-- testRemove_invalidIndex -->
        <test-method status="PASS" signature="initialize(java.lang.String)[pri:0, instance:Test_6_A_addToFrontB_BA@548a9f61]" name="initialize" is-config="true" duration-ms="0" started-at="2019-10-19T20:09:27Z" finished-at="2019-10-19T20:09:27Z">
          <params>
            <param index="0">
              <value>
                <![CDATA[goodList]]>
              </value>
            </param>
          </params>
          <reporter-output>
          </reporter-output>
        </test-method> <!-- initialize -->
        <test-method status="PASS" signature="initialize(java.lang.String)[pri:0, instance:Test_6_A_addToFrontB_BA@548a9f61]" name="initialize" is-config="true" duration-ms="1" started-at="2019-10-19T20:09:27Z" finished-at="2019-10-19T20:09:27Z">
          <params>
            <param index="0">
              <value>
                <![CDATA[goodList]]>
              </value>
            </param>
          </params>
          <reporter-output>
          </reporter-output>
        </test-method> <!-- initialize -->
        <test-method status="PASS" signature="testRemove_invalidIndex(int)[pri:0, instance:Test_6_A_addToFrontB_BA@548a9f61]" name="testRemove_invalidIndex" duration-ms="1" started-at="2019-10-19T20:09:27Z" data-provider="invalidIndexes" finished-at="2019-10-19T20:09:27Z">
          <params>
            <param index="0">
              <value>
                <![CDATA[2]]>
              </value>
            </param>
          </params>
          <exception class="java.lang.IndexOutOfBoundsException">
            <message>
              <![CDATA[Index: 2, Size: 2]]>
            </message>
            <full-stacktrace>
              <![CDATA[java.lang.IndexOutOfBoundsException: Index: 2, Size: 2
at java.util.LinkedList.checkElementIndex(Unknown Source)
at java.util.LinkedList.remove(Unknown Source)
at GoodList.remove(GoodList.java:73)
at TestCase.remove(TestCase.java:182)
at Test_6_A_addToFrontB_BA.testRemove_invalidIndex(Test_6_A_addToFrontB_BA.java:291)
at sun.reflect.NativeMethodAccessorImpl.invoke0(Native Method)
at sun.reflect.NativeMethodAccessorImpl.invoke(Unknown Source)
at sun.reflect.DelegatingMethodAccessorImpl.invoke(Unknown Source)
at java.lang.reflect.Method.invoke(Unknown Source)
at org.testng.internal.MethodInvocationHelper.invokeMethod(MethodInvocationHelper.java:124)
at org.testng.internal.Invoker.invokeMethod(Invoker.java:583)
at org.testng.internal.Invoker.invokeTestMethod(Invoker.java:719)
at org.testng.internal.Invoker.invokeTestMethods(Invoker.java:989)
at org.testng.internal.TestMethodWorker.invokeTestMethods(TestMethodWorker.java:125)
at org.testng.internal.TestMethodWorker.run(TestMethodWorker.java:109)
at org.testng.TestRunner.privateRun(TestRunner.java:648)
at org.testng.TestRunner.run(TestRunner.java:505)
at org.testng.SuiteRunner.runTest(SuiteRunner.java:455)
at org.testng.SuiteRunner.runSequentially(SuiteRunner.java:450)
at org.testng.SuiteRunner.privateRun(SuiteRunner.java:415)
at org.testng.SuiteRunner.run(SuiteRunner.java:364)
at org.testng.SuiteRunnerWorker.runSuite(SuiteRunnerWorker.java:52)
at org.testng.SuiteRunnerWorker.run(SuiteRunnerWorker.java:84)
at org.testng.TestNG.runSuitesSequentially(TestNG.java:1208)
at org.testng.TestNG.runSuitesLocally(TestNG.java:1137)
at org.testng.TestNG.runSuites(TestNG.java:1049)
at org.testng.TestNG.run(TestNG.java:1017)
at org.testng.remote.AbstractRemoteTestNG.run(AbstractRemoteTestNG.java:114)
at org.testng.remote.RemoteTestNG.initAndRun(RemoteTestNG.java:251)
at org.testng.remote.RemoteTestNG.main(RemoteTestNG.java:77)
]]>
            </full-stacktrace>
          </exception> <!-- java.lang.IndexOutOfBoundsException -->
          <reporter-output>
          </reporter-output>
        </test-method> <!-- testRemove_invalidIndex -->
        <test-method status="PASS" signature="testRemove_validElement(java.lang.Character)[pri:0, instance:Test_6_A_addToFrontB_BA@548a9f61]" name="testRemove_validElement" duration-ms="0" started-at="2019-10-19T20:09:27Z" data-provider="validElements" finished-at="2019-10-19T20:09:27Z">
          <params>
            <param index="0">
              <value>
                <![CDATA[B]]>
              </value>
            </param>
          </params>
          <reporter-output>
          </reporter-output>
        </test-method> <!-- testRemove_validElement -->
        <test-method status="PASS" signature="testRemove_validElement(java.lang.Character)[pri:0, instance:Test_6_A_addToFrontB_BA@548a9f61]" name="testRemove_validElement" duration-ms="0" started-at="2019-10-19T20:09:27Z" data-provider="validElements" finished-at="2019-10-19T20:09:27Z">
          <params>
            <param index="0">
              <value>
                <![CDATA[A]]>
              </value>
            </param>
          </params>
          <reporter-output>
          </reporter-output>
        </test-method> <!-- testRemove_validElement -->
        <test-method status="PASS" signature="testRemove_validIndex(int, java.lang.Character)[pri:0, instance:Test_6_A_addToFrontB_BA@548a9f61]" name="testRemove_validIndex" duration-ms="15" started-at="2019-10-19T20:09:27Z" data-provider="indexedValidElements" finished-at="2019-10-19T20:09:27Z">
          <params>
            <param index="0">
              <value>
                <![CDATA[0]]>
              </value>
            </param>
            <param index="1">
              <value>
                <![CDATA[B]]>
              </value>
            </param>
          </params>
          <reporter-output>
          </reporter-output>
        </test-method> <!-- testRemove_validIndex -->
        <test-method status="PASS" signature="initialize(java.lang.String)[pri:0, instance:Test_6_A_addToFrontB_BA@548a9f61]" name="initialize" is-config="true" duration-ms="0" started-at="2019-10-19T20:09:27Z" finished-at="2019-10-19T20:09:27Z">
          <params>
            <param index="0">
              <value>
                <![CDATA[goodList]]>
              </value>
            </param>
          </params>
          <reporter-output>
          </reporter-output>
        </test-method> <!-- initialize -->
        <test-method status="PASS" signature="initialize(java.lang.String)[pri:0, instance:Test_6_A_addToFrontB_BA@548a9f61]" name="initialize" is-config="true" duration-ms="0" started-at="2019-10-19T20:09:27Z" finished-at="2019-10-19T20:09:27Z">
          <params>
            <param index="0">
              <value>
                <![CDATA[goodList]]>
              </value>
            </param>
          </params>
          <reporter-output>
          </reporter-output>
        </test-method> <!-- initialize -->
        <test-method status="PASS" signature="initialize(java.lang.String)[pri:0, instance:Test_6_A_addToFrontB_BA@548a9f61]" name="initialize" is-config="true" duration-ms="0" started-at="2019-10-19T20:09:27Z" finished-at="2019-10-19T20:09:27Z">
          <params>
            <param index="0">
              <value>
                <![CDATA[goodList]]>
              </value>
            </param>
          </params>
          <reporter-output>
          </reporter-output>
        </test-method> <!-- initialize -->
        <test-method status="PASS" signature="testSet_invalidIndex(int)[pri:0, instance:Test_6_A_addToFrontB_BA@548a9f61]" name="testSet_invalidIndex" duration-ms="0" started-at="2019-10-19T20:09:27Z" data-provider="invalidIndexes" finished-at="2019-10-19T20:09:27Z">
          <params>
            <param index="0">
              <value>
                <![CDATA[2]]>
              </value>
            </param>
          </params>
          <exception class="java.lang.IndexOutOfBoundsException">
            <message>
              <![CDATA[Index: 2, Size: 2]]>
            </message>
            <full-stacktrace>
              <![CDATA[java.lang.IndexOutOfBoundsException: Index: 2, Size: 2
at java.util.LinkedList.checkElementIndex(Unknown Source)
at java.util.LinkedList.set(Unknown Source)
at GoodList.set(GoodList.java:103)
at TestCase.set(TestCase.java:194)
at Test_6_A_addToFrontB_BA.testSet_invalidIndex(Test_6_A_addToFrontB_BA.java:311)
at sun.reflect.NativeMethodAccessorImpl.invoke0(Native Method)
at sun.reflect.NativeMethodAccessorImpl.invoke(Unknown Source)
at sun.reflect.DelegatingMethodAccessorImpl.invoke(Unknown Source)
at java.lang.reflect.Method.invoke(Unknown Source)
at org.testng.internal.MethodInvocationHelper.invokeMethod(MethodInvocationHelper.java:124)
at org.testng.internal.Invoker.invokeMethod(Invoker.java:583)
at org.testng.internal.Invoker.invokeTestMethod(Invoker.java:719)
at org.testng.internal.Invoker.invokeTestMethods(Invoker.java:989)
at org.testng.internal.TestMethodWorker.invokeTestMethods(TestMethodWorker.java:125)
at org.testng.internal.TestMethodWorker.run(TestMethodWorker.java:109)
at org.testng.TestRunner.privateRun(TestRunner.java:648)
at org.testng.TestRunner.run(TestRunner.java:505)
at org.testng.SuiteRunner.runTest(SuiteRunner.java:455)
at org.testng.SuiteRunner.runSequentially(SuiteRunner.java:450)
at org.testng.SuiteRunner.privateRun(SuiteRunner.java:415)
at org.testng.SuiteRunner.run(SuiteRunner.java:364)
at org.testng.SuiteRunnerWorker.runSuite(SuiteRunnerWorker.java:52)
at org.testng.SuiteRunnerWorker.run(SuiteRunnerWorker.java:84)
at org.testng.TestNG.runSuitesSequentially(TestNG.java:1208)
at org.testng.TestNG.runSuitesLocally(TestNG.java:1137)
at org.testng.TestNG.runSuites(TestNG.java:1049)
at org.testng.TestNG.run(TestNG.java:1017)
at org.testng.remote.AbstractRemoteTestNG.run(AbstractRemoteTestNG.java:114)
at org.testng.remote.RemoteTestNG.initAndRun(RemoteTestNG.java:251)
at org.testng.remote.RemoteTestNG.main(RemoteTestNG.java:77)
]]>
            </full-stacktrace>
          </exception> <!-- java.lang.IndexOutOfBoundsException -->
          <reporter-output>
          </reporter-output>
        </test-method> <!-- testSet_invalidIndex -->
        <test-method status="PASS" signature="initialize(java.lang.String)[pri:0, instance:Test_6_A_addToFrontB_BA@548a9f61]" name="initialize" is-config="true" duration-ms="0" started-at="2019-10-19T20:09:27Z" finished-at="2019-10-19T20:09:27Z">
          <params>
            <param index="0">
              <value>
                <![CDATA[goodList]]>
              </value>
            </param>
          </params>
          <reporter-output>
          </reporter-output>
        </test-method> <!-- initialize -->
        <test-method status="PASS" signature="testRemove_validIndex(int, java.lang.Character)[pri:0, instance:Test_6_A_addToFrontB_BA@548a9f61]" name="testRemove_validIndex" duration-ms="0" started-at="2019-10-19T20:09:27Z" data-provider="indexedValidElements" finished-at="2019-10-19T20:09:27Z">
          <params>
            <param index="0">
              <value>
                <![CDATA[1]]>
              </value>
            </param>
            <param index="1">
              <value>
                <![CDATA[A]]>
              </value>
            </param>
          </params>
          <reporter-output>
          </reporter-output>
        </test-method> <!-- testRemove_validIndex -->
        <test-method status="PASS" signature="testSet_invalidIndex(int)[pri:0, instance:Test_6_A_addToFrontB_BA@548a9f61]" name="testSet_invalidIndex" duration-ms="0" started-at="2019-10-19T20:09:27Z" data-provider="invalidIndexes" finished-at="2019-10-19T20:09:27Z">
          <params>
            <param index="0">
              <value>
                <![CDATA[-1]]>
              </value>
            </param>
          </params>
          <exception class="java.lang.IndexOutOfBoundsException">
            <message>
              <![CDATA[Index: -1, Size: 2]]>
            </message>
            <full-stacktrace>
              <![CDATA[java.lang.IndexOutOfBoundsException: Index: -1, Size: 2
at java.util.LinkedList.checkElementIndex(Unknown Source)
at java.util.LinkedList.set(Unknown Source)
at GoodList.set(GoodList.java:103)
at TestCase.set(TestCase.java:194)
at Test_6_A_addToFrontB_BA.testSet_invalidIndex(Test_6_A_addToFrontB_BA.java:311)
at sun.reflect.NativeMethodAccessorImpl.invoke0(Native Method)
at sun.reflect.NativeMethodAccessorImpl.invoke(Unknown Source)
at sun.reflect.DelegatingMethodAccessorImpl.invoke(Unknown Source)
at java.lang.reflect.Method.invoke(Unknown Source)
at org.testng.internal.MethodInvocationHelper.invokeMethod(MethodInvocationHelper.java:124)
at org.testng.internal.Invoker.invokeMethod(Invoker.java:583)
at org.testng.internal.Invoker.invokeTestMethod(Invoker.java:719)
at org.testng.internal.Invoker.invokeTestMethods(Invoker.java:989)
at org.testng.internal.TestMethodWorker.invokeTestMethods(TestMethodWorker.java:125)
at org.testng.internal.TestMethodWorker.run(TestMethodWorker.java:109)
at org.testng.TestRunner.privateRun(TestRunner.java:648)
at org.testng.TestRunner.run(TestRunner.java:505)
at org.testng.SuiteRunner.runTest(SuiteRunner.java:455)
at org.testng.SuiteRunner.runSequentially(SuiteRunner.java:450)
at org.testng.SuiteRunner.privateRun(SuiteRunner.java:415)
at org.testng.SuiteRunner.run(SuiteRunner.java:364)
at org.testng.SuiteRunnerWorker.runSuite(SuiteRunnerWorker.java:52)
at org.testng.SuiteRunnerWorker.run(SuiteRunnerWorker.java:84)
at org.testng.TestNG.runSuitesSequentially(TestNG.java:1208)
at org.testng.TestNG.runSuitesLocally(TestNG.java:1137)
at org.testng.TestNG.runSuites(TestNG.java:1049)
at org.testng.TestNG.run(TestNG.java:1017)
at org.testng.remote.AbstractRemoteTestNG.run(AbstractRemoteTestNG.java:114)
at org.testng.remote.RemoteTestNG.initAndRun(RemoteTestNG.java:251)
at org.testng.remote.RemoteTestNG.main(RemoteTestNG.java:77)
]]>
            </full-stacktrace>
          </exception> <!-- java.lang.IndexOutOfBoundsException -->
          <reporter-output>
          </reporter-output>
        </test-method> <!-- testSet_invalidIndex -->
        <test-method status="PASS" signature="initialize(java.lang.String)[pri:0, instance:Test_6_A_addToFrontB_BA@548a9f61]" name="initialize" is-config="true" duration-ms="0" started-at="2019-10-19T20:09:27Z" finished-at="2019-10-19T20:09:27Z">
          <params>
            <param index="0">
              <value>
                <![CDATA[goodList]]>
              </value>
            </param>
          </params>
          <reporter-output>
          </reporter-output>
        </test-method> <!-- initialize -->
        <test-method status="PASS" signature="initialize(java.lang.String)[pri:0, instance:Test_6_A_addToFrontB_BA@548a9f61]" name="initialize" is-config="true" duration-ms="0" started-at="2019-10-19T20:09:27Z" finished-at="2019-10-19T20:09:27Z">
          <params>
            <param index="0">
              <value>
                <![CDATA[goodList]]>
              </value>
            </param>
          </params>
          <reporter-output>
          </reporter-output>
        </test-method> <!-- initialize -->
        <test-method status="PASS" signature="initialize(java.lang.String)[pri:0, instance:Test_6_A_addToFrontB_BA@548a9f61]" name="initialize" is-config="true" duration-ms="0" started-at="2019-10-19T20:09:27Z" finished-at="2019-10-19T20:09:27Z">
          <params>
            <param index="0">
              <value>
                <![CDATA[goodList]]>
              </value>
            </param>
          </params>
          <reporter-output>
          </reporter-output>
        </test-method> <!-- initialize -->
        <test-method status="PASS" signature="initialize(java.lang.String)[pri:0, instance:Test_6_A_addToFrontB_BA@548a9f61]" name="initialize" is-config="true" duration-ms="0" started-at="2019-10-19T20:09:27Z" finished-at="2019-10-19T20:09:27Z">
          <params>
            <param index="0">
              <value>
                <![CDATA[goodList]]>
              </value>
            </param>
          </params>
          <reporter-output>
          </reporter-output>
        </test-method> <!-- initialize -->
        <test-method status="PASS" signature="testSize()[pri:0, instance:Test_6_A_addToFrontB_BA@548a9f61]" name="testSize" duration-ms="0" started-at="2019-10-19T20:09:27Z" finished-at="2019-10-19T20:09:27Z">
          <reporter-output>
          </reporter-output>
        </test-method> <!-- testSize -->
[...]
at sun.reflect.DelegatingMethodAccessorImpl.invoke(Unknown Source)
at java.lang.reflect.Method.invoke(Unknown Source)
at org.testng.internal.MethodInvocationHelper.invokeMethod(MethodInvocationHelper.java:124)
at org.testng.internal.Invoker.invokeMethod(Invoker.java:583)
at org.testng.internal.Invoker.invokeTestMethod(Invoker.java:719)
at org.testng.internal.Invoker.invokeTestMethods(Invoker.java:989)
at org.testng.internal.TestMethodWorker.invokeTestMethods(TestMethodWorker.java:125)
at org.testng.internal.TestMethodWorker.run(TestMethodWorker.java:109)
at org.testng.TestRunner.privateRun(TestRunner.java:648)
at org.testng.TestRunner.run(TestRunner.java:505)
at org.testng.SuiteRunner.runTest(SuiteRunner.java:455)
at org.testng.SuiteRunner.runSequentially(SuiteRunner.java:450)
at org.testng.SuiteRunner.privateRun(SuiteRunner.java:415)
at org.testng.SuiteRunner.run(SuiteRunner.java:364)
at org.testng.SuiteRunnerWorker.runSuite(SuiteRunnerWorker.java:52)
at org.testng.SuiteRunnerWorker.run(SuiteRunnerWorker.java:84)
at org.testng.TestNG.runSuitesSequentially(TestNG.java:1208)
at org.testng.TestNG.runSuitesLocally(TestNG.java:1137)
at org.testng.TestNG.runSuites(TestNG.java:1049)
at org.testng.TestNG.run(TestNG.java:1017)
at org.testng.remote.AbstractRemoteTestNG.run(AbstractRemoteTestNG.java:114)
at org.testng.remote.RemoteTestNG.initAndRun(RemoteTestNG.java:251)
at org.testng.remote.RemoteTestNG.main(RemoteTestNG.java:77)
]]>
            </full-stacktrace>
          </exception> <!-- java.lang.IndexOutOfBoundsException -->
          <reporter-output>
          </reporter-output>
        </test-method> <!-- testRemove_invalidIndex -->
        <test-method status="PASS" signature="initialize(java.lang.String)[pri:0, instance:Test_39_ABC_remove1_AC@1753acfe]" name="initialize" is-config="true" duration-ms="0" started-at="2019-10-19T20:09:27Z" finished-at="2019-10-19T20:09:27Z">
          <params>
            <param index="0">
              <value>
                <![CDATA[goodList]]>
              </value>
            </param>
          </params>
          <reporter-output>
          </reporter-output>
        </test-method> <!-- initialize -->
        <test-method status="PASS" signature="initialize(java.lang.String)[pri:0, instance:Test_39_ABC_remove1_AC@1753acfe]" name="initialize" is-config="true" duration-ms="0" started-at="2019-10-19T20:09:27Z" finished-at="2019-10-19T20:09:27Z">
          <params>
            <param index="0">
              <value>
                <![CDATA[goodList]]>
              </value>
            </param>
          </params>
          <reporter-output>
          </reporter-output>
        </test-method> <!-- initialize -->
        <test-method status="PASS" signature="testRemove_validElement(java.lang.Character)[pri:0, instance:Test_39_ABC_remove1_AC@1753acfe]" name="testRemove_validElement" duration-ms="0" started-at="2019-10-19T20:09:27Z" data-provider="validElements" finished-at="2019-10-19T20:09:27Z">
          <params>
            <param index="0">
              <value>
                <![CDATA[A]]>
              </value>
            </param>
          </params>
          <reporter-output>
          </reporter-output>
        </test-method> <!-- testRemove_validElement -->
        <test-method status="PASS" signature="initialize(java.lang.String)[pri:0, instance:Test_39_ABC_remove1_AC@1753acfe]" name="initialize" is-config="true" duration-ms="0" started-at="2019-10-19T20:09:27Z" finished-at="2019-10-19T20:09:27Z">
          <params>
            <param index="0">
              <value>
                <![CDATA[goodList]]>
              </value>
            </param>
          </params>
          <reporter-output>
          </reporter-output>
        </test-method> <!-- initialize -->
        <test-method status="PASS" signature="initialize(java.lang.String)[pri:0, instance:Test_39_ABC_remove1_AC@1753acfe]" name="initialize" is-config="true" duration-ms="0" started-at="2019-10-19T20:09:27Z" finished-at="2019-10-19T20:09:27Z">
          <params>
            <param index="0">
              <value>
                <![CDATA[goodList]]>
              </value>
            </param>
          </params>
          <reporter-output>
          </reporter-output>
        </test-method> <!-- initialize -->
        <test-method status="PASS" signature="testRemove_invalidIndex(int)[pri:0, instance:Test_39_ABC_remove1_AC@1753acfe]" name="testRemove_invalidIndex" duration-ms="0" started-at="2019-10-19T20:09:27Z" data-provider="invalidIndexes" finished-at="2019-10-19T20:09:27Z">
          <params>
            <param index="0">
              <value>
                <![CDATA[-1]]>
              </value>
            </param>
          </params>
          <exception class="java.lang.IndexOutOfBoundsException">
            <message>
              <![CDATA[Index: -1, Size: 2]]>
            </message>
            <full-stacktrace>
              <![CDATA[java.lang.IndexOutOfBoundsException: Index: -1, Size: 2
at java.util.LinkedList.checkElementIndex(Unknown Source)
at java.util.LinkedList.remove(Unknown Source)
at GoodList.remove(GoodList.java:73)
at TestCase.remove(TestCase.java:182)
at Test_39_ABC_remove1_AC.testRemove_invalidIndex(Test_39_ABC_remove1_AC.java:294)
at sun.reflect.NativeMethodAccessorImpl.invoke0(Native Method)
at sun.reflect.NativeMethodAccessorImpl.invoke(Unknown Source)
at sun.reflect.DelegatingMethodAccessorImpl.invoke(Unknown Source)
at java.lang.reflect.Method.invoke(Unknown Source)
at org.testng.internal.MethodInvocationHelper.invokeMethod(MethodInvocationHelper.java:124)
at org.testng.internal.Invoker.invokeMethod(Invoker.java:583)
at org.testng.internal.Invoker.invokeTestMethod(Invoker.java:719)
at org.testng.internal.Invoker.invokeTestMethods(Invoker.java:989)
at org.testng.internal.TestMethodWorker.invokeTestMethods(TestMethodWorker.java:125)
at org.testng.internal.TestMethodWorker.run(TestMethodWorker.java:109)
at org.testng.TestRunner.privateRun(TestRunner.java:648)
at org.testng.TestRunner.run(TestRunner.java:505)
at org.testng.SuiteRunner.runTest(SuiteRunner.java:455)
at org.testng.SuiteRunner.runSequentially(SuiteRunner.java:450)
at org.testng.SuiteRunner.privateRun(SuiteRunner.java:415)
at org.testng.SuiteRunner.run(SuiteRunner.java:364)
at org.testng.SuiteRunnerWorker.runSuite(SuiteRunnerWorker.java:52)
at org.testng.SuiteRunnerWorker.run(SuiteRunnerWorker.java:84)
at org.testng.TestNG.runSuitesSequentially(TestNG.java:1208)
at org.testng.TestNG.runSuitesLocally(TestNG.java:1137)
at org.testng.TestNG.runSuites(TestNG.java:1049)
at org.testng.TestNG.run(TestNG.java:1017)
at org.testng.remote.AbstractRemoteTestNG.run(AbstractRemoteTestNG.java:114)
at org.testng.remote.RemoteTestNG.initAndRun(RemoteTestNG.java:251)
at org.testng.remote.RemoteTestNG.main(RemoteTestNG.java:77)
]]>
            </full-stacktrace>
          </exception> <!-- java.lang.IndexOutOfBoundsException -->
          <reporter-output>
          </reporter-output>
        </test-method> <!-- testRemove_invalidIndex -->
        <test-method status="PASS" signature="initialize(java.lang.String)[pri:0, instance:Test_39_ABC_remove1_AC@1753acfe]" name="initialize" is-config="true" duration-ms="0" started-at="2019-10-19T20:09:27Z" finished-at="2019-10-19T20:09:27Z">
          <params>
            <param index="0">
              <value>
                <![CDATA[goodList]]>
              </value>
            </param>
          </params>
          <reporter-output>
          </reporter-output>
        </test-method> <!-- initialize -->
        <test-method status="PASS" signature="testRemove_validIndex(int, java.lang.Character)[pri:0, instance:Test_39_ABC_remove1_AC@1753acfe]" name="testRemove_validIndex" duration-ms="0" started-at="2019-10-19T20:09:27Z" data-provider="indexedValidElements" finished-at="2019-10-19T20:09:27Z">
          <params>
            <param index="0">
              <value>
                <![CDATA[0]]>
              </value>
            </param>
            <param index="1">
              <value>
                <![CDATA[A]]>
              </value>
            </param>
          </params>
          <reporter-output>
          </reporter-output>
        </test-method> <!-- testRemove_validIndex -->
        <test-method status="PASS" signature="initialize(java.lang.String)[pri:0, instance:Test_39_ABC_remove1_AC@1753acfe]" name="initialize" is-config="true" duration-ms="0" started-at="2019-10-19T20:09:27Z" finished-at="2019-10-19T20:09:27Z">
          <params>
            <param index="0">
              <value>
                <![CDATA[goodList]]>
              </value>
            </param>
          </params>
          <reporter-output>
          </reporter-output>
        </test-method> <!-- initialize -->
        <test-method status="PASS" signature="testRemove_validElement(java.lang.Character)[pri:0, instance:Test_39_ABC_remove1_AC@1753acfe]" name="testRemove_validElement" duration-ms="0" started-at="2019-10-19T20:09:27Z" data-provider="validElements" finished-at="2019-10-19T20:09:27Z">
          <params>
            <param index="0">
              <value>
                <![CDATA[C]]>
              </value>
            </param>
          </params>
          <reporter-output>
          </reporter-output>
        </test-method> <!-- testRemove_validElement -->
        <test-method status="PASS" signature="testRemove_validIndex(int, java.lang.Character)[pri:0, instance:Test_39_ABC_remove1_AC@1753acfe]" name="testRemove_validIndex" duration-ms="0" started-at="2019-10-19T20:09:27Z" data-provider="indexedValidElements" finished-at="2019-10-19T20:09:27Z">
          <params>
            <param index="0">
              <value>
                <![CDATA[1]]>
              </value>
            </param>
            <param index="1">
              <value>
                <![CDATA[C]]>
              </value>
            </param>
          </params>
          <reporter-output>
          </reporter-output>
        </test-method> <!-- testRemove_validIndex -->
        <test-method status="PASS" signature="testSet_invalidIndex(int)[pri:0, instance:Test_39_ABC_remove1_AC@1753acfe]" name="testSet_invalidIndex" duration-ms="0" started-at="2019-10-19T20:09:27Z" data-provider="invalidIndexes" finished-at="2019-10-19T20:09:27Z">
          <params>
            <param index="0">
              <value>
                <![CDATA[2]]>
              </value>
            </param>
          </params>
          <exception class="java.lang.IndexOutOfBoundsException">
            <message>
              <![CDATA[Index: 2, Size: 2]]>
            </message>
            <full-stacktrace>
              <![CDATA[java.lang.IndexOutOfBoundsException: Index: 2, Size: 2
at java.util.LinkedList.checkElementIndex(Unknown Source)
at java.util.LinkedList.set(Unknown Source)
at GoodList.set(GoodList.java:103)
at TestCase.set(TestCase.java:194)
at Test_39_ABC_remove1_AC.testSet_invalidIndex(Test_39_ABC_remove1_AC.java:314)
at sun.reflect.NativeMethodAccessorImpl.invoke0(Native Method)
at sun.reflect.NativeMethodAccessorImpl.invoke(Unknown Source)
at sun.reflect.DelegatingMethodAccessorImpl.invoke(Unknown Source)
at java.lang.reflect.Method.invoke(Unknown Source)
at org.testng.internal.MethodInvocationHelper.invokeMethod(MethodInvocationHelper.java:124)
at org.testng.internal.Invoker.invokeMethod(Invoker.java:583)
at org.testng.internal.Invoker.invokeTestMethod(Invoker.java:719)
at org.testng.internal.Invoker.invokeTestMethods(Invoker.java:989)
at org.testng.internal.TestMethodWorker.invokeTestMethods(TestMethodWorker.java:125)
at org.testng.internal.TestMethodWorker.run(TestMethodWorker.java:109)
at org.testng.TestRunner.privateRun(TestRunner.java:648)
at org.testng.TestRunner.run(TestRunner.java:505)
at org.testng.SuiteRunner.runTest(SuiteRunner.java:455)
at org.testng.SuiteRunner.runSequentially(SuiteRunner.java:450)
at org.testng.SuiteRunner.privateRun(SuiteRunner.java:415)
at org.testng.SuiteRunner.run(SuiteRunner.java:364)
at org.testng.SuiteRunnerWorker.runSuite(SuiteRunnerWorker.java:52)
at org.testng.SuiteRunnerWorker.run(SuiteRunnerWorker.java:84)
at org.testng.TestNG.runSuitesSequentially(TestNG.java:1208)
at org.testng.TestNG.runSuitesLocally(TestNG.java:1137)
at org.testng.TestNG.runSuites(TestNG.java:1049)
at org.testng.TestNG.run(TestNG.java:1017)
at org.testng.remote.AbstractRemoteTestNG.run(AbstractRemoteTestNG.java:114)
at org.testng.remote.RemoteTestNG.initAndRun(RemoteTestNG.java:251)
at org.testng.remote.RemoteTestNG.main(RemoteTestNG.java:77)
]]>
            </full-stacktrace>
          </exception> <!-- java.lang.IndexOutOfBoundsException -->
          <reporter-output>
          </reporter-output>
        </test-method> <!-- testSet_invalidIndex -->
        <test-method status="PASS" signature="testSet_validIndex(int)[pri:0, instance:Test_39_ABC_remove1_AC@1753acfe]" name="testSet_validIndex" duration-ms="0" started-at="2019-10-19T20:09:27Z" data-provider="validIndexes" finished-at="2019-10-19T20:09:27Z">
          <params>
            <param index="0">
              <value>
                <![CDATA[0]]>
              </value>
            </param>
          </params>
          <reporter-output>
          </reporter-output>
        </test-method> <!-- testSet_validIndex -->
        <test-method status="PASS" signature="initialize(java.lang.String)[pri:0, instance:Test_39_ABC_remove1_AC@1753acfe]" name="initialize" is-config="true" duration-ms="0" started-at="2019-10-19T20:09:27Z" finished-at="2019-10-19T20:09:27Z">
          <params>
            <param index="0">
              <value>
                <![CDATA[goodList]]>
              </value>
            </param>
          </params>
          <reporter-output>
          </reporter-output>
        </test-method> <!-- initialize -->
        <test-method status="PASS" signature="testSet_invalidIndex(int)[pri:0, instance:Test_39_ABC_remove1_AC@1753acfe]" name="testSet_invalidIndex" duration-ms="0" started-at="2019-10-19T20:09:27Z" data-provider="invalidIndexes" finished-at="2019-10-19T20:09:27Z">
          <params>
            <param index="0">
              <value>
                <![CDATA[-1]]>
              </value>
            </param>
          </params>
          <exception class="java.lang.IndexOutOfBoundsException">
            <message>
              <![CDATA[Index: -1, Size: 2]]>
            </message>
            <full-stacktrace>
              <![CDATA[java.lang.IndexOutOfBoundsException: Index: -1, Size: 2
at java.util.LinkedList.checkElementIndex(Unknown Source)
at java.util.LinkedList.set(Unknown Source)
at GoodList.set(GoodList.java:103)
at TestCase.set(TestCase.java:194)
at Test_39_ABC_remove1_AC.testSet_invalidIndex(Test_39_ABC_remove1_AC.java:314)
at sun.reflect.NativeMethodAccessorImpl.invoke0(Native Method)
at sun.reflect.NativeMethodAccessorImpl.invoke(Unknown Source)
at sun.reflect.DelegatingMethodAccessorImpl.invoke(Unknown Source)
at java.lang.reflect.Method.invoke(Unknown Source)
at org.testng.internal.MethodInvocationHelper.invokeMethod(MethodInvocationHelper.java:124)
at org.testng.internal.Invoker.invokeMethod(Invoker.java:583)
at org.testng.internal.Invoker.invokeTestMethod(Invoker.java:719)
at org.testng.internal.Invoker.invokeTestMethods(Invoker.java:989)
at org.testng.internal.TestMethodWorker.invokeTestMethods(TestMethodWorker.java:125)
at org.testng.internal.TestMethodWorker.run(TestMethodWorker.java:109)
at org.testng.TestRunner.privateRun(TestRunner.java:648)
at org.testng.TestRunner.run(TestRunner.java:505)
at org.testng.SuiteRunner.runTest(SuiteRunner.java:455)
at org.testng.SuiteRunner.runSequentially(SuiteRunner.java:450)
at org.testng.SuiteRunner.privateRun(SuiteRunner.java:415)
at org.testng.SuiteRunner.run(SuiteRunner.java:364)
at org.testng.SuiteRunnerWorker.runSuite(SuiteRunnerWorker.java:52)
at org.testng.SuiteRunnerWorker.run(SuiteRunnerWorker.java:84)
at org.testng.TestNG.runSuitesSequentially(TestNG.java:1208)
at org.testng.TestNG.runSuitesLocally(TestNG.java:1137)
at org.testng.TestNG.runSuites(TestNG.java:1049)
at org.testng.TestNG.run(TestNG.java:1017)
at org.testng.remote.AbstractRemoteTestNG.run(AbstractRemoteTestNG.java:114)
at org.testng.remote.RemoteTestNG.initAndRun(RemoteTestNG.java:251)
at org.testng.remote.RemoteTestNG.main(RemoteTestNG.java:77)
]]>
            </full-stacktrace>
          </exception> <!-- java.lang.IndexOutOfBoundsException -->
          <reporter-output>
          </reporter-output>
        </test-method> <!-- testSet_invalidIndex -->
        <test-method status="PASS" signature="initialize(java.lang.String)[pri:0, instance:Test_39_ABC_remove1_AC@1753acfe]" name="initialize" is-config="true" duration-ms="0" started-at="2019-10-19T20:09:27Z" finished-at="2019-10-19T20:09:27Z">
          <params>
            <param index="0">
              <value>
                <![CDATA[goodList]]>
              </value>
            </param>
          </params>
          <reporter-output>
          </reporter-output>
        </test-method> <!-- initialize -->
        <test-method status="PASS" signature="initialize(java.lang.String)[pri:0, instance:Test_39_ABC_remove1_AC@1753acfe]" name="initialize" is-config="true" duration-ms="0" started-at="2019-10-19T20:09:27Z" finished-at="2019-10-19T20:09:27Z">
          <params>
            <param index="0">
              <value>
                <![CDATA[goodList]]>
              </value>
            </param>
          </params>
          <reporter-output>
          </reporter-output>
        </test-method> <!-- initialize -->
        <test-method status="PASS" signature="initialize(java.lang.String)[pri:0, instance:Test_39_ABC_remove1_AC@1753acfe]" name="initialize" is-config="true" duration-ms="1" started-at="2019-10-19T20:09:27Z" finished-at="2019-10-19T20:09:27Z">
          <params>
            <param index="0">
              <value>
                <![CDATA[goodList]]>
              </value>
            </param>
          </params>
          <reporter-output>
          </reporter-output>
        </test-method> <!-- initialize -->
        <test-method status="PASS" signature="initialize(java.lang.String)[pri:0, instance:Test_39_ABC_remove1_AC@1753acfe]" name="initialize" is-config="true" duration-ms="0" started-at="2019-10-19T20:09:27Z" finished-at="2019-10-19T20:09:27Z">
          <params>
            <param index="0">
              <value>
                <![CDATA[goodList]]>
              </value>
            </param>
          </params>
          <reporter-output>
          </reporter-output>
        </test-method> <!-- initialize -->
        <test-method status="PASS" signature="testSize()[pri:0, instance:Test_39_ABC_remove1_AC@1753acfe]" name="testSize" duration-ms="0" started-at="2019-10-19T20:09:27Z" finished-at="2019-10-19T20:09:27Z">
          <reporter-output>
          </reporter-output>
        </test-method> <!-- testSize -->
        <test-method status="PASS" signature="testSet_validIndex(int)[pri:0, instance:Test_39_ABC_remove1_AC@1753acfe]" name="testSet_validIndex" duration-ms="0" started-at="2019-10-19T20:09:27Z" data-provider="validIndexes" finished-at="2019-10-19T20:09:27Z">
          <params>
            <param index="0">
              <value>
                <![CDATA[1]]>
              </value>
            </param>
          </params>
          <reporter-output>
          </reporter-output>
        </test-method> <!-- testSet_validIndex -->
      </class> <!-- Test_39_ABC_remove1_AC -->
    </test> <!-- Good List -->
  </suite> <!-- List Testing 2 -->
</testng-results>
